<?xml version="1.0" encoding="UTF-8"?>
<!-- Generated by org.testng.reporters.JUnitReportReporter -->
<testsuite hostname="BIVAVIT" failures="1" tests="14" name="com.insove.tests.HomePageTest" time="243.831" errors="0" timestamp="2026-03-23T13:47:54 ICT" skipped="0">
  <testcase classname="com.insove.tests.HomePageTest" name="home014_verifyContactButton" time="34.325"/>
  <testcase classname="com.insove.tests.HomePageTest" name="home055_subscribeInvalidEmail" time="36.015"/>
  <testcase classname="com.insove.tests.HomePageTest" name="home022_verifyFaqTitle" time="4.496"/>
  <testcase classname="com.insove.tests.HomePageTest" name="home037_verifyCopyright" time="4.105"/>
  <testcase classname="com.insove.tests.HomePageTest" name="home004_verifyLogoDisplay" time="4.229"/>
  <testcase classname="com.insove.tests.HomePageTest" name="home001_verifyHomepageOverview" time="4.386"/>
  <testcase classname="com.insove.tests.HomePageTest" name="home023_verifyFaqInteractable" time="4.310"/>
  <testcase classname="com.insove.tests.HomePageTest" name="home030_verifyMinThreeArticles" time="20.032">
    <failure message="Can it nhat 1 bai viet. Hien co: 0 expected [true] but found [false]" type="java.lang.AssertionError">
      <![CDATA[java.lang.AssertionError: Can it nhat 1 bai viet. Hien co: 0 expected [true] but found [false]
at org.testng.Assert.fail(Assert.java:111)
at org.testng.Assert.failNotEquals(Assert.java:1578)
at org.testng.Assert.assertTrue(Assert.java:57)
at com.insove.tests.HomePageTest.home030_verifyMinThreeArticles(HomePageTest.java:93)
at java.base/jdk.internal.reflect.DirectMethodHandleAccessor.invoke(DirectMethodHandleAccessor.java:103)
at java.base/java.lang.reflect.Method.invoke(Method.java:580)
at org.testng.internal.invokers.MethodInvocationHelper.invokeMethod(MethodInvocationHelper.java:139)
at org.testng.internal.invokers.TestInvoker.invokeMethod(TestInvoker.java:664)
at org.testng.internal.invokers.TestInvoker.invokeTestMethod(TestInvoker.java:228)
at org.testng.internal.invokers.MethodRunner.runInSequence(MethodRunner.java:63)
at org.testng.internal.invokers.TestInvoker$MethodInvocationAgent.invoke(TestInvoker.java:961)
at org.testng.internal.invokers.TestInvoker.invokeTestMethods(TestInvoker.java:201)
at org.testng.internal.invokers.TestMethodWorker.invokeTestMethods(TestMethodWorker.java:148)
at org.testng.internal.invokers.TestMethodWorker.run(TestMethodWorker.java:128)
at java.base/java.util.ArrayList.forEach(ArrayList.java:1596)
at org.testng.TestRunner.privateRun(TestRunner.java:819)
at org.testng.TestRunner.run(TestRunner.java:619)
at org.testng.SuiteRunner.runTest(SuiteRunner.java:443)
at org.testng.SuiteRunner.runSequentially(SuiteRunner.java:437)
at org.testng.SuiteRunner.privateRun(SuiteRunner.java:397)
at org.testng.SuiteRunner.run(SuiteRunner.java:336)
at org.testng.SuiteRunnerWorker.runSuite(SuiteRunnerWorker.java:52)
at org.testng.SuiteRunnerWorker.run(SuiteRunnerWorker.java:95)
at org.testng.TestNG.runSuitesSequentially(TestNG.java:1301)
at org.testng.TestNG.runSuitesLocally(TestNG.java:1228)
at org.testng.TestNG.runSuites(TestNG.java:1134)
at org.testng.TestNG.run(TestNG.java:1101)
at org.apache.maven.surefire.testng.TestNGExecutor.run(TestNGExecutor.java:308)
at org.apache.maven.surefire.testng.TestNGXmlTestSuite.execute(TestNGXmlTestSuite.java:71)
at org.apache.maven.surefire.testng.TestNGProvider.invoke(TestNGProvider.java:113)
at org.apache.maven.surefire.booter.ForkedBooter.runSuitesInProcess(ForkedBooter.java:385)
at org.apache.maven.surefire.booter.ForkedBooter.execute(ForkedBooter.java:162)
at org.apache.maven.surefire.booter.ForkedBooter.run(ForkedBooter.java:507)
at org.apache.maven.surefire.booter.ForkedBooter.main(ForkedBooter.java:495)
]]>
    </failure>
  </testcase> <!-- home030_verifyMinThreeArticles -->
  <testcase classname="com.insove.tests.HomePageTest" name="home012_verifyHeroTitle" time="79.199"/>
  <testcase classname="com.insove.tests.HomePageTest" name="home053_verifySubscribeForm" time="4.891"/>
  <testcase classname="com.insove.tests.HomePageTest" name="home029_verifyRecentArticlesTitle" time="4.395"/>
  <testcase classname="com.insove.tests.HomePageTest" name="home008_verifyStickyHeader" time="4.583"/>
  <testcase classname="com.insove.tests.HomePageTest" name="home056_subscribeEmptyEmail" time="34.824"/>
  <testcase classname="com.insove.tests.HomePageTest" name="home005_verifyMainMenuItems" time="4.041"/>
</testsuite> <!-- com.insove.tests.HomePageTest -->
