<?xml version="1.0" encoding="UTF-8"?>
<!-- Generated by org.testng.reporters.JUnitReportReporter -->
<testsuite hostname="BIVAVIT" failures="2" tests="19" name="com.insove.tests.ProfileTest" time="176.578" errors="0" timestamp="2026-03-23T13:47:54 ICT" skipped="0">
  <testcase classname="com.insove.tests.ProfileTest" name="pro003_verifyProfileUrl" time="6.368"/>
  <testcase classname="com.insove.tests.ProfileTest" name="pro038_verifyEmptyWaitlistTab" time="6.385"/>
  <testcase classname="com.insove.tests.ProfileTest" name="pro055_verifyNoSensitiveDataInUrl" time="5.962"/>
  <testcase classname="com.insove.tests.ProfileTest" name="pro001_verifyProfilePageLoads" time="6.264"/>
  <testcase classname="com.insove.tests.ProfileTest" name="pro029_verifyEmptyAppointmentMessage" time="36.016"/>
  <testcase classname="com.insove.tests.ProfileTest" name="pro004_verifyAvatarDisplay" time="6.036"/>
  <testcase classname="com.insove.tests.ProfileTest" name="pro039_verifyEmptyPrescriptionTab" time="6.005"/>
  <testcase classname="com.insove.tests.ProfileTest" name="pro025_verifyAppointmentsTabActiveByDefault" time="6.055"/>
  <testcase classname="com.insove.tests.ProfileTest" name="pro002_verifyProfileLoadTime" time="5.172"/>
  <testcase classname="com.insove.tests.ProfileTest" name="pro006_verifyPersonalInfoLabels" time="21.355">
    <failure message="Nhãn &#039;Ngày tham gia&#039; không hiển thị expected [true] but found [false]" type="java.lang.AssertionError">
      <![CDATA[java.lang.AssertionError: Nhãn 'Ngày tham gia' không hiển thị expected [true] but found [false]
at org.testng.Assert.fail(Assert.java:111)
at org.testng.Assert.failNotEquals(Assert.java:1578)
at org.testng.Assert.assertTrue(Assert.java:57)
at com.insove.tests.ProfileTest.pro006_verifyPersonalInfoLabels(ProfileTest.java:129)
at java.base/jdk.internal.reflect.DirectMethodHandleAccessor.invoke(DirectMethodHandleAccessor.java:103)
at java.base/java.lang.reflect.Method.invoke(Method.java:580)
at org.testng.internal.invokers.MethodInvocationHelper.invokeMethod(MethodInvocationHelper.java:139)
at org.testng.internal.invokers.TestInvoker.invokeMethod(TestInvoker.java:664)
at org.testng.internal.invokers.TestInvoker.invokeTestMethod(TestInvoker.java:228)
at org.testng.internal.invokers.MethodRunner.runInSequence(MethodRunner.java:63)
at org.testng.internal.invokers.TestInvoker$MethodInvocationAgent.invoke(TestInvoker.java:961)
at org.testng.internal.invokers.TestInvoker.invokeTestMethods(TestInvoker.java:201)
at org.testng.internal.invokers.TestMethodWorker.invokeTestMethods(TestMethodWorker.java:148)
at org.testng.internal.invokers.TestMethodWorker.run(TestMethodWorker.java:128)
at java.base/java.util.ArrayList.forEach(ArrayList.java:1596)
at org.testng.TestRunner.privateRun(TestRunner.java:819)
at org.testng.TestRunner.run(TestRunner.java:619)
at org.testng.SuiteRunner.runTest(SuiteRunner.java:443)
at org.testng.SuiteRunner.runSequentially(SuiteRunner.java:437)
at org.testng.SuiteRunner.privateRun(SuiteRunner.java:397)
at org.testng.SuiteRunner.run(SuiteRunner.java:336)
at org.testng.SuiteRunnerWorker.runSuite(SuiteRunnerWorker.java:52)
at org.testng.SuiteRunnerWorker.run(SuiteRunnerWorker.java:95)
at org.testng.TestNG.runSuitesSequentially(TestNG.java:1301)
at org.testng.TestNG.runSuitesLocally(TestNG.java:1228)
at org.testng.TestNG.runSuites(TestNG.java:1134)
at org.testng.TestNG.run(TestNG.java:1101)
at org.apache.maven.surefire.testng.TestNGExecutor.run(TestNGExecutor.java:308)
at org.apache.maven.surefire.testng.TestNGXmlTestSuite.execute(TestNGXmlTestSuite.java:71)
at org.apache.maven.surefire.testng.TestNGProvider.invoke(TestNGProvider.java:113)
at org.apache.maven.surefire.booter.ForkedBooter.runSuitesInProcess(ForkedBooter.java:385)
at org.apache.maven.surefire.booter.ForkedBooter.execute(ForkedBooter.java:162)
at org.apache.maven.surefire.booter.ForkedBooter.run(ForkedBooter.java:507)
at org.apache.maven.surefire.booter.ForkedBooter.main(ForkedBooter.java:495)
]]>
    </failure>
  </testcase> <!-- pro006_verifyPersonalInfoLabels -->
  <testcase classname="com.insove.tests.ProfileTest" name="pro016_passwordMismatchError" time="7.250"/>
  <testcase classname="com.insove.tests.ProfileTest" name="pro026_verifyTabContentSwitch" time="6.076"/>
  <testcase classname="com.insove.tests.ProfileTest" name="pro024_verifyAllTabsDisplayed" time="5.856"/>
  <testcase classname="com.insove.tests.ProfileTest" name="pro010_verifyChangePasswordButtonDisplayed" time="6.035"/>
  <testcase classname="com.insove.tests.ProfileTest" name="pro011_verifyChangePasswordFormOpens" time="6.034"/>
  <testcase classname="com.insove.tests.ProfileTest" name="pro054_verifySessionManagement" time="5.380"/>
  <testcase classname="com.insove.tests.ProfileTest" name="pro040_verifyEmptyInvoiceTab" time="6.027"/>
  <testcase classname="com.insove.tests.ProfileTest" name="pro005_verifyUserNameAndEmailDisplay" time="21.124">
    <failure message="Tên người dùng không hiển thị trên trang Hồ sơ expected [true] but found [false]" type="java.lang.AssertionError">
      <![CDATA[java.lang.AssertionError: Tên người dùng không hiển thị trên trang Hồ sơ expected [true] but found [false]
at org.testng.Assert.fail(Assert.java:111)
at org.testng.Assert.failNotEquals(Assert.java:1578)
at org.testng.Assert.assertTrue(Assert.java:57)
at com.insove.tests.ProfileTest.pro005_verifyUserNameAndEmailDisplay(ProfileTest.java:101)
at java.base/jdk.internal.reflect.DirectMethodHandleAccessor.invoke(DirectMethodHandleAccessor.java:103)
at java.base/java.lang.reflect.Method.invoke(Method.java:580)
at org.testng.internal.invokers.MethodInvocationHelper.invokeMethod(MethodInvocationHelper.java:139)
at org.testng.internal.invokers.TestInvoker.invokeMethod(TestInvoker.java:664)
at org.testng.internal.invokers.TestInvoker.invokeTestMethod(TestInvoker.java:228)
at org.testng.internal.invokers.MethodRunner.runInSequence(MethodRunner.java:63)
at org.testng.internal.invokers.TestInvoker$MethodInvocationAgent.invoke(TestInvoker.java:961)
at org.testng.internal.invokers.TestInvoker.invokeTestMethods(TestInvoker.java:201)
at org.testng.internal.invokers.TestMethodWorker.invokeTestMethods(TestMethodWorker.java:148)
at org.testng.internal.invokers.TestMethodWorker.run(TestMethodWorker.java:128)
at java.base/java.util.ArrayList.forEach(ArrayList.java:1596)
at org.testng.TestRunner.privateRun(TestRunner.java:819)
at org.testng.TestRunner.run(TestRunner.java:619)
at org.testng.SuiteRunner.runTest(SuiteRunner.java:443)
at org.testng.SuiteRunner.runSequentially(SuiteRunner.java:437)
at org.testng.SuiteRunner.privateRun(SuiteRunner.java:397)
at org.testng.SuiteRunner.run(SuiteRunner.java:336)
at org.testng.SuiteRunnerWorker.runSuite(SuiteRunnerWorker.java:52)
at org.testng.SuiteRunnerWorker.run(SuiteRunnerWorker.java:95)
at org.testng.TestNG.runSuitesSequentially(TestNG.java:1301)
at org.testng.TestNG.runSuitesLocally(TestNG.java:1228)
at org.testng.TestNG.runSuites(TestNG.java:1134)
at org.testng.TestNG.run(TestNG.java:1101)
at org.apache.maven.surefire.testng.TestNGExecutor.run(TestNGExecutor.java:308)
at org.apache.maven.surefire.testng.TestNGXmlTestSuite.execute(TestNGXmlTestSuite.java:71)
at org.apache.maven.surefire.testng.TestNGProvider.invoke(TestNGProvider.java:113)
at org.apache.maven.surefire.booter.ForkedBooter.runSuitesInProcess(ForkedBooter.java:385)
at org.apache.maven.surefire.booter.ForkedBooter.execute(ForkedBooter.java:162)
at org.apache.maven.surefire.booter.ForkedBooter.run(ForkedBooter.java:507)
at org.apache.maven.surefire.booter.ForkedBooter.main(ForkedBooter.java:495)
]]>
    </failure>
  </testcase> <!-- pro005_verifyUserNameAndEmailDisplay -->
  <testcase classname="com.insove.tests.ProfileTest" name="pro015_errorOnWrongCurrentPassword" time="7.178"/>
</testsuite> <!-- com.insove.tests.ProfileTest -->
