<?xml version="1.0" encoding="UTF-8"?>
<!-- Generated by org.testng.reporters.JUnitReportReporter -->
<testsuite hostname="BIVAVIT" failures="0" tests="16" name="com.insove.tests.AuthenticationTest" time="222.539" errors="0" timestamp="2026-03-23T13:47:54 ICT" skipped="0">
  <testcase classname="com.insove.tests.AuthenticationTest" name="auth006_navigateToRegister" time="4.351"/>
  <testcase classname="com.insove.tests.AuthenticationTest" name="auth013_passwordFieldIsHidden" time="2.396"/>
  <testcase classname="com.insove.tests.AuthenticationTest" name="auth004_verifyPlaceholderText" time="2.312"/>
  <testcase classname="com.insove.tests.AuthenticationTest" name="auth017_loginFailWrongUsername" time="36.354"/>
  <testcase classname="com.insove.tests.AuthenticationTest" name="auth076_loginLinkOnRegisterPage" time="4.749"/>
  <testcase classname="com.insove.tests.AuthenticationTest" name="auth068_passwordMismatch" time="20.117"/>
  <testcase classname="com.insove.tests.AuthenticationTest" name="auth041_forgotPasswordEmailNotExist" time="19.661"/>
  <testcase classname="com.insove.tests.AuthenticationTest" name="auth042_forgotPasswordEmptyEmail" time="4.425"/>
  <testcase classname="com.insove.tests.AuthenticationTest" name="auth043_forgotPasswordInvalidEmailFormat" time="19.702"/>
  <testcase classname="com.insove.tests.AuthenticationTest" name="auth056_verifyRegisterPageDisplay" time="2.490"/>
  <testcase classname="com.insove.tests.AuthenticationTest" name="auth033_verifyForgotPasswordPage" time="2.923"/>
  <testcase classname="com.insove.tests.AuthenticationTest" name="auth065_registerEmptyRequiredFields" time="19.931"/>
  <testcase classname="com.insove.tests.AuthenticationTest" name="auth007_navigateToForgotPassword" time="4.429"/>
  <testcase classname="com.insove.tests.AuthenticationTest" name="auth019_loginFailEmptyFields" time="39.456"/>
  <testcase classname="com.insove.tests.AuthenticationTest" name="auth001_verifyLoginPageDisplay" time="2.841"/>
  <testcase classname="com.insove.tests.AuthenticationTest" name="auth018_loginFailWrongPassword" time="36.402"/>
</testsuite> <!-- com.insove.tests.AuthenticationTest -->
