<?xml version="1.0" encoding="UTF-8"?>
<testsuite xmlns:xsi="http://www.w3.org/2001/XMLSchema-instance" xsi:noNamespaceSchemaLocation="https://maven.apache.org/surefire/maven-surefire-plugin/xsd/surefire-test-report-3.0.xsd" version="3.0" name="TestSuite" time="1055.666" tests="66" errors="0" skipped="0" failures="7">
  <properties>
[...]
</properties>
  <testcase name="auth001_verifyLoginPageDisplay" classname="com.insove.tests.AuthenticationTest" time="1.472">
    <system-out><![CDATA[...
... TestNG 7.9.0 by Cédric Beust (cedric@beust.com)
...

2026-03-23 13:30:20 [main] INFO  com.insove.config.ConfigReader - Đã load config.properties thành công
2026-03-23 13:30:20 [main] INFO  c.insove.utils.ExtentReportManager - ExtentReport khởi tạo tại: reports/InsoveReport_2026-03-23_13-30-20.html
2026-03-23 13:30:20 [main] INFO  com.insove.tests.ProfileTest - ===== BẮT ĐẦU TEST SUITE =====
2026-03-23 13:30:20 [main] INFO  com.insove.listeners.TestListener - ========== BẮT ĐẦU: Authentication Tests ==========
2026-03-23 13:30:20 [main] INFO  com.insove.utils.DriverManager - Khởi tạo driver: chrome | headless: false
2026-03-23 13:30:21 [main] INFO  i.g.bonigarcia.wdm.WebDriverManager - Using chromedriver 146.0.7680.153 (resolved driver for Chrome 146)
2026-03-23 13:30:21 [main] INFO  i.g.bonigarcia.wdm.WebDriverManager - Exporting webdriver.chrome.driver as C:\Users\Admin\.cache\selenium\chromedriver\win64\146.0.7680.153\chromedriver.exe
2026-03-23 13:30:23 [main] INFO  com.insove.utils.DriverManager - Driver khởi tạo thành công
2026-03-23 13:30:23 [main] INFO  com.insove.tests.AuthenticationTest - --- Bắt đầu test: auth001_verifyLoginPageDisplay ---
2026-03-23 13:30:23 [main] INFO  com.insove.listeners.TestListener - ▶ BẮT ĐẦU TEST: auth001_verifyLoginPageDisplay
2026-03-23 13:30:23 [main] INFO  com.insove.tests.AuthenticationTest -   Step: Truy cập trang /login
2026-03-23 13:30:25 [main] INFO  com.insove.pages.LoginPage - Điều hướng đến: https://demo6.cybersoft.edu.vn/login
2026-03-23 13:30:25 [main] INFO  com.insove.pages.LoginPage - Mở trang /login
2026-03-23 13:30:25 [main] INFO  com.insove.listeners.TestListener - ✅ PASS: auth001_verifyLoginPageDisplay
]]></system-out>
    <system-err><![CDATA[Mar 23, 2026 1:30:23 PM org.openqa.selenium.devtools.CdpVersionFinder findNearestMatch
WARNING: Unable to find CDP implementation matching 146
Mar 23, 2026 1:30:23 PM org.openqa.selenium.chromium.ChromiumDriver lambda$new$5
WARNING: Unable to find version of CDP to use for 146.0.7680.153. You may need to include a dependency on a specific version of the CDP using something similar to `org.seleniumhq.selenium:selenium-devtools-v86:4.18.1` where the version ("v86") matches the version of the chromium-based browser you're using and the version number of the artifact is the same as Selenium's.
]]></system-err>
  </testcase>
  <testcase name="auth004_verifyPlaceholderText" classname="com.insove.tests.AuthenticationTest" time="1.027">
    <system-out><![CDATA[2026-03-23 13:30:25 [main] INFO  com.insove.tests.AuthenticationTest - PASS: auth001_verifyLoginPageDisplay
2026-03-23 13:30:25 [main] INFO  com.insove.utils.DriverManager - Driver đã được đóng
2026-03-23 13:30:25 [main] INFO  com.insove.utils.DriverManager - Khởi tạo driver: chrome | headless: false
2026-03-23 13:30:25 [main] INFO  i.g.bonigarcia.wdm.WebDriverManager - Using chromedriver 146.0.7680.153 (resolved driver for Chrome 146)
2026-03-23 13:30:25 [main] INFO  i.g.bonigarcia.wdm.WebDriverManager - Exporting webdriver.chrome.driver as C:\Users\Admin\.cache\selenium\chromedriver\win64\146.0.7680.153\chromedriver.exe
2026-03-23 13:30:26 [main] INFO  com.insove.utils.DriverManager - Driver khởi tạo thành công
2026-03-23 13:30:26 [main] INFO  com.insove.tests.AuthenticationTest - --- Bắt đầu test: auth004_verifyPlaceholderText ---
2026-03-23 13:30:26 [main] INFO  com.insove.listeners.TestListener - ▶ BẮT ĐẦU TEST: auth004_verifyPlaceholderText
2026-03-23 13:30:27 [main] INFO  com.insove.pages.LoginPage - Điều hướng đến: https://demo6.cybersoft.edu.vn/login
2026-03-23 13:30:27 [main] INFO  com.insove.pages.LoginPage - Mở trang /login
2026-03-23 13:30:27 [main] INFO  com.insove.listeners.TestListener - ✅ PASS: auth004_verifyPlaceholderText
]]></system-out>
    <system-err><![CDATA[Mar 23, 2026 1:30:26 PM org.openqa.selenium.devtools.CdpVersionFinder findNearestMatch
WARNING: Unable to find CDP implementation matching 146
Mar 23, 2026 1:30:26 PM org.openqa.selenium.chromium.ChromiumDriver lambda$new$5
WARNING: Unable to find version of CDP to use for 146.0.7680.153. You may need to include a dependency on a specific version of the CDP using something similar to `org.seleniumhq.selenium:selenium-devtools-v86:4.18.1` where the version ("v86") matches the version of the chromium-based browser you're using and the version number of the artifact is the same as Selenium's.
]]></system-err>
  </testcase>
  <testcase name="auth006_navigateToRegister" classname="com.insove.tests.AuthenticationTest" time="3.104">
    <system-out><![CDATA[2026-03-23 13:30:27 [main] INFO  com.insove.tests.AuthenticationTest - PASS: auth004_verifyPlaceholderText
2026-03-23 13:30:28 [main] INFO  com.insove.utils.DriverManager - Driver đã được đóng
2026-03-23 13:30:28 [main] INFO  com.insove.utils.DriverManager - Khởi tạo driver: chrome | headless: false
2026-03-23 13:30:28 [main] INFO  i.g.bonigarcia.wdm.WebDriverManager - Using chromedriver 146.0.7680.153 (resolved driver for Chrome 146)
2026-03-23 13:30:28 [main] INFO  i.g.bonigarcia.wdm.WebDriverManager - Exporting webdriver.chrome.driver as C:\Users\Admin\.cache\selenium\chromedriver\win64\146.0.7680.153\chromedriver.exe
2026-03-23 13:30:29 [main] INFO  com.insove.utils.DriverManager - Driver khởi tạo thành công
2026-03-23 13:30:29 [main] INFO  com.insove.tests.AuthenticationTest - --- Bắt đầu test: auth006_navigateToRegister ---
2026-03-23 13:30:29 [main] INFO  com.insove.listeners.TestListener - ▶ BẮT ĐẦU TEST: auth006_navigateToRegister
2026-03-23 13:30:29 [main] INFO  com.insove.pages.LoginPage - Điều hướng đến: https://demo6.cybersoft.edu.vn/login
2026-03-23 13:30:29 [main] INFO  com.insove.pages.LoginPage - Mở trang /login
2026-03-23 13:30:32 [main] INFO  com.insove.listeners.TestListener - ✅ PASS: auth006_navigateToRegister
]]></system-out>
    <system-err><![CDATA[Mar 23, 2026 1:30:29 PM org.openqa.selenium.devtools.CdpVersionFinder findNearestMatch
WARNING: Unable to find CDP implementation matching 146
Mar 23, 2026 1:30:29 PM org.openqa.selenium.chromium.ChromiumDriver lambda$new$5
WARNING: Unable to find version of CDP to use for 146.0.7680.153. You may need to include a dependency on a specific version of the CDP using something similar to `org.seleniumhq.selenium:selenium-devtools-v86:4.18.1` where the version ("v86") matches the version of the chromium-based browser you're using and the version number of the artifact is the same as Selenium's.
]]></system-err>
  </testcase>
  <testcase name="auth007_navigateToForgotPassword" classname="com.insove.tests.AuthenticationTest" time="3.142">
    <system-out><![CDATA[2026-03-23 13:30:32 [main] INFO  com.insove.tests.AuthenticationTest - PASS: auth006_navigateToRegister
2026-03-23 13:30:32 [main] INFO  com.insove.utils.DriverManager - Driver đã được đóng
2026-03-23 13:30:32 [main] INFO  com.insove.utils.DriverManager - Khởi tạo driver: chrome | headless: false
2026-03-23 13:30:32 [main] INFO  i.g.bonigarcia.wdm.WebDriverManager - Using chromedriver 146.0.7680.153 (resolved driver for Chrome 146)
2026-03-23 13:30:32 [main] INFO  i.g.bonigarcia.wdm.WebDriverManager - Exporting webdriver.chrome.driver as C:\Users\Admin\.cache\selenium\chromedriver\win64\146.0.7680.153\chromedriver.exe
2026-03-23 13:30:33 [main] INFO  com.insove.utils.DriverManager - Driver khởi tạo thành công
2026-03-23 13:30:33 [main] INFO  com.insove.tests.AuthenticationTest - --- Bắt đầu test: auth007_navigateToForgotPassword ---
2026-03-23 13:30:33 [main] INFO  com.insove.listeners.TestListener - ▶ BẮT ĐẦU TEST: auth007_navigateToForgotPassword
2026-03-23 13:30:33 [main] INFO  com.insove.pages.LoginPage - Điều hướng đến: https://demo6.cybersoft.edu.vn/login
2026-03-23 13:30:33 [main] INFO  com.insove.pages.LoginPage - Mở trang /login
2026-03-23 13:30:36 [main] INFO  com.insove.listeners.TestListener - ✅ PASS: auth007_navigateToForgotPassword
]]></system-out>
    <system-err><![CDATA[Mar 23, 2026 1:30:33 PM org.openqa.selenium.devtools.CdpVersionFinder findNearestMatch
WARNING: Unable to find CDP implementation matching 146
Mar 23, 2026 1:30:33 PM org.openqa.selenium.chromium.ChromiumDriver lambda$new$5
WARNING: Unable to find version of CDP to use for 146.0.7680.153. You may need to include a dependency on a specific version of the CDP using something similar to `org.seleniumhq.selenium:selenium-devtools-v86:4.18.1` where the version ("v86") matches the version of the chromium-based browser you're using and the version number of the artifact is the same as Selenium's.
]]></system-err>
  </testcase>
  <testcase name="auth013_passwordFieldIsHidden" classname="com.insove.tests.AuthenticationTest" time="0.994">
    <system-out><![CDATA[2026-03-23 13:30:36 [main] INFO  com.insove.tests.AuthenticationTest - PASS: auth007_navigateToForgotPassword
2026-03-23 13:30:36 [main] INFO  com.insove.utils.DriverManager - Driver đã được đóng
2026-03-23 13:30:36 [main] INFO  com.insove.utils.DriverManager - Khởi tạo driver: chrome | headless: false
2026-03-23 13:30:37 [main] INFO  i.g.bonigarcia.wdm.WebDriverManager - Using chromedriver 146.0.7680.153 (resolved driver for Chrome 146)
2026-03-23 13:30:37 [main] INFO  i.g.bonigarcia.wdm.WebDriverManager - Exporting webdriver.chrome.driver as C:\Users\Admin\.cache\selenium\chromedriver\win64\146.0.7680.153\chromedriver.exe
2026-03-23 13:30:37 [main] INFO  com.insove.utils.DriverManager - Driver khởi tạo thành công
2026-03-23 13:30:38 [main] INFO  com.insove.tests.AuthenticationTest - --- Bắt đầu test: auth013_passwordFieldIsHidden ---
2026-03-23 13:30:38 [main] INFO  com.insove.listeners.TestListener - ▶ BẮT ĐẦU TEST: auth013_passwordFieldIsHidden
2026-03-23 13:30:38 [main] INFO  com.insove.pages.LoginPage - Điều hướng đến: https://demo6.cybersoft.edu.vn/login
2026-03-23 13:30:38 [main] INFO  com.insove.pages.LoginPage - Mở trang /login
2026-03-23 13:30:38 [main] INFO  com.insove.listeners.TestListener - ✅ PASS: auth013_passwordFieldIsHidden
]]></system-out>
    <system-err><![CDATA[Mar 23, 2026 1:30:37 PM org.openqa.selenium.devtools.CdpVersionFinder findNearestMatch
WARNING: Unable to find CDP implementation matching 146
Mar 23, 2026 1:30:37 PM org.openqa.selenium.chromium.ChromiumDriver lambda$new$5
WARNING: Unable to find version of CDP to use for 146.0.7680.153. You may need to include a dependency on a specific version of the CDP using something similar to `org.seleniumhq.selenium:selenium-devtools-v86:4.18.1` where the version ("v86") matches the version of the chromium-based browser you're using and the version number of the artifact is the same as Selenium's.
]]></system-err>
  </testcase>
  <testcase name="auth017_loginFailWrongUsername" classname="com.insove.tests.AuthenticationTest" time="35.023">
    <system-out><![CDATA[2026-03-23 13:30:39 [main] INFO  com.insove.tests.AuthenticationTest - PASS: auth013_passwordFieldIsHidden
2026-03-23 13:30:39 [main] INFO  com.insove.utils.DriverManager - Driver đã được đóng
2026-03-23 13:30:39 [main] INFO  com.insove.utils.DriverManager - Khởi tạo driver: chrome | headless: false
2026-03-23 13:30:39 [main] INFO  i.g.bonigarcia.wdm.WebDriverManager - Using chromedriver 146.0.7680.153 (resolved driver for Chrome 146)
2026-03-23 13:30:39 [main] INFO  i.g.bonigarcia.wdm.WebDriverManager - Exporting webdriver.chrome.driver as C:\Users\Admin\.cache\selenium\chromedriver\win64\146.0.7680.153\chromedriver.exe
2026-03-23 13:30:40 [main] INFO  com.insove.utils.DriverManager - Driver khởi tạo thành công
2026-03-23 13:30:40 [main] INFO  com.insove.tests.AuthenticationTest - --- Bắt đầu test: auth017_loginFailWrongUsername ---
2026-03-23 13:30:40 [main] INFO  com.insove.listeners.TestListener - ▶ BẮT ĐẦU TEST: auth017_loginFailWrongUsername
2026-03-23 13:30:40 [main] INFO  com.insove.pages.LoginPage - Điều hướng đến: https://demo6.cybersoft.edu.vn/login
2026-03-23 13:30:40 [main] INFO  com.insove.pages.LoginPage - Mở trang /login
2026-03-23 13:30:42 [main] INFO  com.insove.pages.LoginPage - Click nút Đăng nhập
2026-03-23 13:31:15 [main] INFO  com.insove.listeners.TestListener - ✅ PASS: auth017_loginFailWrongUsername
]]></system-out>
    <system-err><![CDATA[Mar 23, 2026 1:30:40 PM org.openqa.selenium.devtools.CdpVersionFinder findNearestMatch
WARNING: Unable to find CDP implementation matching 146
Mar 23, 2026 1:30:40 PM org.openqa.selenium.chromium.ChromiumDriver lambda$new$5
WARNING: Unable to find version of CDP to use for 146.0.7680.153. You may need to include a dependency on a specific version of the CDP using something similar to `org.seleniumhq.selenium:selenium-devtools-v86:4.18.1` where the version ("v86") matches the version of the chromium-based browser you're using and the version number of the artifact is the same as Selenium's.
]]></system-err>
  </testcase>
  <testcase name="auth018_loginFailWrongPassword" classname="com.insove.tests.AuthenticationTest" time="35.165">
    <system-out><![CDATA[2026-03-23 13:31:15 [main] INFO  com.insove.tests.AuthenticationTest - PASS: auth017_loginFailWrongUsername
2026-03-23 13:31:15 [main] INFO  com.insove.utils.DriverManager - Driver đã được đóng
2026-03-23 13:31:15 [main] INFO  com.insove.utils.DriverManager - Khởi tạo driver: chrome | headless: false
2026-03-23 13:31:15 [main] INFO  i.g.bonigarcia.wdm.WebDriverManager - Using chromedriver 146.0.7680.153 (resolved driver for Chrome 146)
2026-03-23 13:31:15 [main] INFO  i.g.bonigarcia.wdm.WebDriverManager - Exporting webdriver.chrome.driver as C:\Users\Admin\.cache\selenium\chromedriver\win64\146.0.7680.153\chromedriver.exe
2026-03-23 13:31:16 [main] INFO  com.insove.utils.DriverManager - Driver khởi tạo thành công
2026-03-23 13:31:16 [main] INFO  com.insove.tests.AuthenticationTest - --- Bắt đầu test: auth018_loginFailWrongPassword ---
2026-03-23 13:31:16 [main] INFO  com.insove.listeners.TestListener - ▶ BẮT ĐẦU TEST: auth018_loginFailWrongPassword
2026-03-23 13:31:18 [main] INFO  com.insove.pages.LoginPage - Điều hướng đến: https://demo6.cybersoft.edu.vn/login
2026-03-23 13:31:18 [main] INFO  com.insove.pages.LoginPage - Mở trang /login
2026-03-23 13:31:19 [main] INFO  com.insove.pages.LoginPage - Click nút Đăng nhập
2026-03-23 13:31:52 [main] INFO  com.insove.listeners.TestListener - ✅ PASS: auth018_loginFailWrongPassword
]]></system-out>
    <system-err><![CDATA[Mar 23, 2026 1:31:16 PM org.openqa.selenium.devtools.CdpVersionFinder findNearestMatch
WARNING: Unable to find CDP implementation matching 146
Mar 23, 2026 1:31:16 PM org.openqa.selenium.chromium.ChromiumDriver lambda$new$5
WARNING: Unable to find version of CDP to use for 146.0.7680.153. You may need to include a dependency on a specific version of the CDP using something similar to `org.seleniumhq.selenium:selenium-devtools-v86:4.18.1` where the version ("v86") matches the version of the chromium-based browser you're using and the version number of the artifact is the same as Selenium's.
]]></system-err>
  </testcase>
  <testcase name="auth019_loginFailEmptyFields" classname="com.insove.tests.AuthenticationTest" time="34.797">
    <system-out><![CDATA[2026-03-23 13:31:52 [main] INFO  com.insove.tests.AuthenticationTest - PASS: auth018_loginFailWrongPassword
2026-03-23 13:31:52 [main] INFO  com.insove.utils.DriverManager - Driver đã được đóng
2026-03-23 13:31:52 [main] INFO  com.insove.utils.DriverManager - Khởi tạo driver: chrome | headless: false
2026-03-23 13:31:52 [main] INFO  i.g.bonigarcia.wdm.WebDriverManager - Using chromedriver 146.0.7680.153 (resolved driver for Chrome 146)
2026-03-23 13:31:52 [main] INFO  i.g.bonigarcia.wdm.WebDriverManager - Exporting webdriver.chrome.driver as C:\Users\Admin\.cache\selenium\chromedriver\win64\146.0.7680.153\chromedriver.exe
2026-03-23 13:31:53 [main] INFO  com.insove.utils.DriverManager - Driver khởi tạo thành công
2026-03-23 13:31:53 [main] INFO  com.insove.tests.AuthenticationTest - --- Bắt đầu test: auth019_loginFailEmptyFields ---
2026-03-23 13:31:53 [main] INFO  com.insove.listeners.TestListener - ▶ BẮT ĐẦU TEST: auth019_loginFailEmptyFields
2026-03-23 13:31:54 [main] INFO  com.insove.pages.LoginPage - Điều hướng đến: https://demo6.cybersoft.edu.vn/login
2026-03-23 13:31:54 [main] INFO  com.insove.pages.LoginPage - Mở trang /login
2026-03-23 13:31:56 [main] INFO  com.insove.pages.LoginPage - Click nút Đăng nhập
2026-03-23 13:32:28 [main] INFO  com.insove.listeners.TestListener - ✅ PASS: auth019_loginFailEmptyFields
]]></system-out>
    <system-err><![CDATA[Mar 23, 2026 1:31:53 PM org.openqa.selenium.devtools.CdpVersionFinder findNearestMatch
WARNING: Unable to find CDP implementation matching 146
Mar 23, 2026 1:31:53 PM org.openqa.selenium.chromium.ChromiumDriver lambda$new$5
WARNING: Unable to find version of CDP to use for 146.0.7680.153. You may need to include a dependency on a specific version of the CDP using something similar to `org.seleniumhq.selenium:selenium-devtools-v86:4.18.1` where the version ("v86") matches the version of the chromium-based browser you're using and the version number of the artifact is the same as Selenium's.
]]></system-err>
  </testcase>
  <testcase name="auth033_verifyForgotPasswordPage" classname="com.insove.tests.AuthenticationTest" time="1.304">
    <system-out><![CDATA[2026-03-23 13:32:28 [main] INFO  com.insove.tests.AuthenticationTest - PASS: auth019_loginFailEmptyFields
2026-03-23 13:32:28 [main] INFO  com.insove.utils.DriverManager - Driver đã được đóng
2026-03-23 13:32:28 [main] INFO  com.insove.utils.DriverManager - Khởi tạo driver: chrome | headless: false
2026-03-23 13:32:28 [main] INFO  i.g.bonigarcia.wdm.WebDriverManager - Using chromedriver 146.0.7680.153 (resolved driver for Chrome 146)
2026-03-23 13:32:29 [main] INFO  i.g.bonigarcia.wdm.WebDriverManager - Exporting webdriver.chrome.driver as C:\Users\Admin\.cache\selenium\chromedriver\win64\146.0.7680.153\chromedriver.exe
2026-03-23 13:32:30 [main] INFO  com.insove.utils.DriverManager - Driver khởi tạo thành công
2026-03-23 13:32:30 [main] INFO  com.insove.tests.AuthenticationTest - --- Bắt đầu test: auth033_verifyForgotPasswordPage ---
2026-03-23 13:32:30 [main] INFO  com.insove.listeners.TestListener - ▶ BẮT ĐẦU TEST: auth033_verifyForgotPasswordPage
2026-03-23 13:32:31 [main] INFO  com.insove.pages.ForgotPasswordPage - Điều hướng đến: https://demo6.cybersoft.edu.vn/forgot-password
2026-03-23 13:32:31 [main] INFO  com.insove.pages.ForgotPasswordPage - Mở trang Quên Mật Khẩu
2026-03-23 13:32:31 [main] INFO  com.insove.listeners.TestListener - ✅ PASS: auth033_verifyForgotPasswordPage
]]></system-out>
    <system-err><![CDATA[Mar 23, 2026 1:32:29 PM org.openqa.selenium.devtools.CdpVersionFinder findNearestMatch
WARNING: Unable to find CDP implementation matching 146
Mar 23, 2026 1:32:29 PM org.openqa.selenium.chromium.ChromiumDriver lambda$new$5
WARNING: Unable to find version of CDP to use for 146.0.7680.153. You may need to include a dependency on a specific version of the CDP using something similar to `org.seleniumhq.selenium:selenium-devtools-v86:4.18.1` where the version ("v86") matches the version of the chromium-based browser you're using and the version number of the artifact is the same as Selenium's.
]]></system-err>
  </testcase>
  <testcase name="auth041_forgotPasswordEmailNotExist" classname="com.insove.tests.AuthenticationTest" time="18.252">
    <system-out><![CDATA[2026-03-23 13:32:31 [main] INFO  com.insove.tests.AuthenticationTest - PASS: auth033_verifyForgotPasswordPage
2026-03-23 13:32:31 [main] INFO  com.insove.utils.DriverManager - Driver đã được đóng
2026-03-23 13:32:31 [main] INFO  com.insove.utils.DriverManager - Khởi tạo driver: chrome | headless: false
2026-03-23 13:32:31 [main] INFO  i.g.bonigarcia.wdm.WebDriverManager - Using chromedriver 146.0.7680.153 (resolved driver for Chrome 146)
2026-03-23 13:32:31 [main] INFO  i.g.bonigarcia.wdm.WebDriverManager - Exporting webdriver.chrome.driver as C:\Users\Admin\.cache\selenium\chromedriver\win64\146.0.7680.153\chromedriver.exe
2026-03-23 13:32:32 [main] INFO  com.insove.utils.DriverManager - Driver khởi tạo thành công
2026-03-23 13:32:32 [main] INFO  com.insove.tests.AuthenticationTest - --- Bắt đầu test: auth041_forgotPasswordEmailNotExist ---
2026-03-23 13:32:32 [main] INFO  com.insove.listeners.TestListener - ▶ BẮT ĐẦU TEST: auth041_forgotPasswordEmailNotExist
2026-03-23 13:32:33 [main] INFO  com.insove.pages.ForgotPasswordPage - Điều hướng đến: https://demo6.cybersoft.edu.vn/forgot-password
2026-03-23 13:32:33 [main] INFO  com.insove.pages.ForgotPasswordPage - Mở trang Quên Mật Khẩu
2026-03-23 13:32:50 [main] INFO  com.insove.listeners.TestListener - ✅ PASS: auth041_forgotPasswordEmailNotExist
]]></system-out>
    <system-err><![CDATA[Mar 23, 2026 1:32:32 PM org.openqa.selenium.devtools.CdpVersionFinder findNearestMatch
WARNING: Unable to find CDP implementation matching 146
Mar 23, 2026 1:32:32 PM org.openqa.selenium.chromium.ChromiumDriver lambda$new$5
WARNING: Unable to find version of CDP to use for 146.0.7680.153. You may need to include a dependency on a specific version of the CDP using something similar to `org.seleniumhq.selenium:selenium-devtools-v86:4.18.1` where the version ("v86") matches the version of the chromium-based browser you're using and the version number of the artifact is the same as Selenium's.
]]></system-err>
  </testcase>
  <testcase name="auth042_forgotPasswordEmptyEmail" classname="com.insove.tests.AuthenticationTest" time="3.012">
    <system-out><![CDATA[2026-03-23 13:32:50 [main] INFO  com.insove.tests.AuthenticationTest - PASS: auth041_forgotPasswordEmailNotExist
2026-03-23 13:32:51 [main] INFO  com.insove.utils.DriverManager - Driver đã được đóng
2026-03-23 13:32:51 [main] INFO  com.insove.utils.DriverManager - Khởi tạo driver: chrome | headless: false
2026-03-23 13:32:51 [main] INFO  i.g.bonigarcia.wdm.WebDriverManager - Using chromedriver 146.0.7680.153 (resolved driver for Chrome 146)
2026-03-23 13:32:51 [main] INFO  i.g.bonigarcia.wdm.WebDriverManager - Exporting webdriver.chrome.driver as C:\Users\Admin\.cache\selenium\chromedriver\win64\146.0.7680.153\chromedriver.exe
2026-03-23 13:32:52 [main] INFO  com.insove.utils.DriverManager - Driver khởi tạo thành công
2026-03-23 13:32:52 [main] INFO  com.insove.tests.AuthenticationTest - --- Bắt đầu test: auth042_forgotPasswordEmptyEmail ---
2026-03-23 13:32:52 [main] INFO  com.insove.listeners.TestListener - ▶ BẮT ĐẦU TEST: auth042_forgotPasswordEmptyEmail
2026-03-23 13:32:52 [main] INFO  com.insove.pages.ForgotPasswordPage - Điều hướng đến: https://demo6.cybersoft.edu.vn/forgot-password
2026-03-23 13:32:52 [main] INFO  com.insove.pages.ForgotPasswordPage - Mở trang Quên Mật Khẩu
2026-03-23 13:32:55 [main] INFO  com.insove.listeners.TestListener - ✅ PASS: auth042_forgotPasswordEmptyEmail
]]></system-out>
    <system-err><![CDATA[Mar 23, 2026 1:32:51 PM org.openqa.selenium.devtools.CdpVersionFinder findNearestMatch
WARNING: Unable to find CDP implementation matching 146
Mar 23, 2026 1:32:51 PM org.openqa.selenium.chromium.ChromiumDriver lambda$new$5
WARNING: Unable to find version of CDP to use for 146.0.7680.153. You may need to include a dependency on a specific version of the CDP using something similar to `org.seleniumhq.selenium:selenium-devtools-v86:4.18.1` where the version ("v86") matches the version of the chromium-based browser you're using and the version number of the artifact is the same as Selenium's.
]]></system-err>
  </testcase>
  <testcase name="auth043_forgotPasswordInvalidEmailFormat" classname="com.insove.tests.AuthenticationTest" time="18.341">
    <system-out><![CDATA[2026-03-23 13:32:55 [main] INFO  com.insove.tests.AuthenticationTest - PASS: auth042_forgotPasswordEmptyEmail
2026-03-23 13:32:55 [main] INFO  com.insove.utils.DriverManager - Driver đã được đóng
2026-03-23 13:32:55 [main] INFO  com.insove.utils.DriverManager - Khởi tạo driver: chrome | headless: false
2026-03-23 13:32:55 [main] INFO  i.g.bonigarcia.wdm.WebDriverManager - Using chromedriver 146.0.7680.153 (resolved driver for Chrome 146)
2026-03-23 13:32:55 [main] INFO  i.g.bonigarcia.wdm.WebDriverManager - Exporting webdriver.chrome.driver as C:\Users\Admin\.cache\selenium\chromedriver\win64\146.0.7680.153\chromedriver.exe
2026-03-23 13:32:56 [main] INFO  com.insove.utils.DriverManager - Driver khởi tạo thành công
2026-03-23 13:32:56 [main] INFO  com.insove.tests.AuthenticationTest - --- Bắt đầu test: auth043_forgotPasswordInvalidEmailFormat ---
2026-03-23 13:32:56 [main] INFO  com.insove.listeners.TestListener - ▶ BẮT ĐẦU TEST: auth043_forgotPasswordInvalidEmailFormat
2026-03-23 13:32:57 [main] INFO  com.insove.pages.ForgotPasswordPage - Điều hướng đến: https://demo6.cybersoft.edu.vn/forgot-password
2026-03-23 13:32:57 [main] INFO  com.insove.pages.ForgotPasswordPage - Mở trang Quên Mật Khẩu
2026-03-23 13:33:14 [main] INFO  com.insove.listeners.TestListener - ✅ PASS: auth043_forgotPasswordInvalidEmailFormat
]]></system-out>
    <system-err><![CDATA[Mar 23, 2026 1:32:56 PM org.openqa.selenium.devtools.CdpVersionFinder findNearestMatch
WARNING: Unable to find CDP implementation matching 146
Mar 23, 2026 1:32:56 PM org.openqa.selenium.chromium.ChromiumDriver lambda$new$5
WARNING: Unable to find version of CDP to use for 146.0.7680.153. You may need to include a dependency on a specific version of the CDP using something similar to `org.seleniumhq.selenium:selenium-devtools-v86:4.18.1` where the version ("v86") matches the version of the chromium-based browser you're using and the version number of the artifact is the same as Selenium's.
]]></system-err>
  </testcase>
  <testcase name="auth056_verifyRegisterPageDisplay" classname="com.insove.tests.AuthenticationTest" time="1.067">
    <system-out><![CDATA[2026-03-23 13:33:14 [main] INFO  com.insove.tests.AuthenticationTest - PASS: auth043_forgotPasswordInvalidEmailFormat
2026-03-23 13:33:14 [main] INFO  com.insove.utils.DriverManager - Driver đã được đóng
2026-03-23 13:33:14 [main] INFO  com.insove.utils.DriverManager - Khởi tạo driver: chrome | headless: false
2026-03-23 13:33:14 [main] INFO  i.g.bonigarcia.wdm.WebDriverManager - Using chromedriver 146.0.7680.153 (resolved driver for Chrome 146)
2026-03-23 13:33:15 [main] INFO  i.g.bonigarcia.wdm.WebDriverManager - Exporting webdriver.chrome.driver as C:\Users\Admin\.cache\selenium\chromedriver\win64\146.0.7680.153\chromedriver.exe
2026-03-23 13:33:16 [main] INFO  com.insove.utils.DriverManager - Driver khởi tạo thành công
2026-03-23 13:33:16 [main] INFO  com.insove.tests.AuthenticationTest - --- Bắt đầu test: auth056_verifyRegisterPageDisplay ---
2026-03-23 13:33:16 [main] INFO  com.insove.listeners.TestListener - ▶ BẮT ĐẦU TEST: auth056_verifyRegisterPageDisplay
2026-03-23 13:33:17 [main] INFO  com.insove.pages.RegisterPage - Điều hướng đến: https://demo6.cybersoft.edu.vn/register
2026-03-23 13:33:17 [main] INFO  com.insove.pages.RegisterPage - Mở trang Đăng ký
2026-03-23 13:33:17 [main] INFO  com.insove.listeners.TestListener - ✅ PASS: auth056_verifyRegisterPageDisplay
]]></system-out>
    <system-err><![CDATA[Mar 23, 2026 1:33:15 PM org.openqa.selenium.devtools.CdpVersionFinder findNearestMatch
WARNING: Unable to find CDP implementation matching 146
Mar 23, 2026 1:33:15 PM org.openqa.selenium.chromium.ChromiumDriver lambda$new$5
WARNING: Unable to find version of CDP to use for 146.0.7680.153. You may need to include a dependency on a specific version of the CDP using something similar to `org.seleniumhq.selenium:selenium-devtools-v86:4.18.1` where the version ("v86") matches the version of the chromium-based browser you're using and the version number of the artifact is the same as Selenium's.
]]></system-err>
  </testcase>
  <testcase name="auth065_registerEmptyRequiredFields" classname="com.insove.tests.AuthenticationTest" time="18.656">
    <system-out><![CDATA[2026-03-23 13:33:17 [main] INFO  com.insove.tests.AuthenticationTest - PASS: auth056_verifyRegisterPageDisplay
2026-03-23 13:33:18 [main] INFO  com.insove.utils.DriverManager - Driver đã được đóng
2026-03-23 13:33:18 [main] INFO  com.insove.utils.DriverManager - Khởi tạo driver: chrome | headless: false
2026-03-23 13:33:18 [main] INFO  i.g.bonigarcia.wdm.WebDriverManager - Using chromedriver 146.0.7680.153 (resolved driver for Chrome 146)
2026-03-23 13:33:18 [main] INFO  i.g.bonigarcia.wdm.WebDriverManager - Exporting webdriver.chrome.driver as C:\Users\Admin\.cache\selenium\chromedriver\win64\146.0.7680.153\chromedriver.exe
2026-03-23 13:33:19 [main] INFO  com.insove.utils.DriverManager - Driver khởi tạo thành công
2026-03-23 13:33:19 [main] INFO  com.insove.tests.AuthenticationTest - --- Bắt đầu test: auth065_registerEmptyRequiredFields ---
2026-03-23 13:33:19 [main] INFO  com.insove.listeners.TestListener - ▶ BẮT ĐẦU TEST: auth065_registerEmptyRequiredFields
2026-03-23 13:33:20 [main] INFO  com.insove.pages.RegisterPage - Điều hướng đến: https://demo6.cybersoft.edu.vn/register
2026-03-23 13:33:20 [main] INFO  com.insove.pages.RegisterPage - Mở trang Đăng ký
2026-03-23 13:33:21 [main] INFO  com.insove.pages.RegisterPage - Click nút Register (JS click)
2026-03-23 13:33:38 [main] INFO  com.insove.listeners.TestListener - ✅ PASS: auth065_registerEmptyRequiredFields
]]></system-out>
    <system-err><![CDATA[Mar 23, 2026 1:33:19 PM org.openqa.selenium.devtools.CdpVersionFinder findNearestMatch
WARNING: Unable to find CDP implementation matching 146
Mar 23, 2026 1:33:19 PM org.openqa.selenium.chromium.ChromiumDriver lambda$new$5
WARNING: Unable to find version of CDP to use for 146.0.7680.153. You may need to include a dependency on a specific version of the CDP using something similar to `org.seleniumhq.selenium:selenium-devtools-v86:4.18.1` where the version ("v86") matches the version of the chromium-based browser you're using and the version number of the artifact is the same as Selenium's.
]]></system-err>
  </testcase>
  <testcase name="auth068_passwordMismatch" classname="com.insove.tests.AuthenticationTest" time="18.667">
    <system-out><![CDATA[2026-03-23 13:33:38 [main] INFO  com.insove.tests.AuthenticationTest - PASS: auth065_registerEmptyRequiredFields
2026-03-23 13:33:38 [main] INFO  com.insove.utils.DriverManager - Driver đã được đóng
2026-03-23 13:33:38 [main] INFO  com.insove.utils.DriverManager - Khởi tạo driver: chrome | headless: false
2026-03-23 13:33:38 [main] INFO  i.g.bonigarcia.wdm.WebDriverManager - Using chromedriver 146.0.7680.153 (resolved driver for Chrome 146)
2026-03-23 13:33:38 [main] INFO  i.g.bonigarcia.wdm.WebDriverManager - Exporting webdriver.chrome.driver as C:\Users\Admin\.cache\selenium\chromedriver\win64\146.0.7680.153\chromedriver.exe
2026-03-23 13:33:39 [main] INFO  com.insove.utils.DriverManager - Driver khởi tạo thành công
2026-03-23 13:33:39 [main] INFO  com.insove.tests.AuthenticationTest - --- Bắt đầu test: auth068_passwordMismatch ---
2026-03-23 13:33:39 [main] INFO  com.insove.listeners.TestListener - ▶ BẮT ĐẦU TEST: auth068_passwordMismatch
2026-03-23 13:33:40 [main] INFO  com.insove.pages.RegisterPage - Điều hướng đến: https://demo6.cybersoft.edu.vn/register
2026-03-23 13:33:40 [main] INFO  com.insove.pages.RegisterPage - Mở trang Đăng ký
2026-03-23 13:33:41 [main] INFO  com.insove.pages.RegisterPage - Click nút Register (JS click)
2026-03-23 13:33:58 [main] INFO  com.insove.listeners.TestListener - ✅ PASS: auth068_passwordMismatch
]]></system-out>
    <system-err><![CDATA[Mar 23, 2026 1:33:39 PM org.openqa.selenium.devtools.CdpVersionFinder findNearestMatch
WARNING: Unable to find CDP implementation matching 146
Mar 23, 2026 1:33:39 PM org.openqa.selenium.chromium.ChromiumDriver lambda$new$5
WARNING: Unable to find version of CDP to use for 146.0.7680.153. You may need to include a dependency on a specific version of the CDP using something similar to `org.seleniumhq.selenium:selenium-devtools-v86:4.18.1` where the version ("v86") matches the version of the chromium-based browser you're using and the version number of the artifact is the same as Selenium's.
]]></system-err>
  </testcase>
  <testcase name="auth076_loginLinkOnRegisterPage" classname="com.insove.tests.AuthenticationTest" time="3.495">
    <system-out><![CDATA[2026-03-23 13:33:58 [main] INFO  com.insove.tests.AuthenticationTest - PASS: auth068_passwordMismatch
2026-03-23 13:33:58 [main] INFO  com.insove.utils.DriverManager - Driver đã được đóng
2026-03-23 13:33:58 [main] INFO  com.insove.utils.DriverManager - Khởi tạo driver: chrome | headless: false
2026-03-23 13:33:58 [main] INFO  i.g.bonigarcia.wdm.WebDriverManager - Using chromedriver 146.0.7680.153 (resolved driver for Chrome 146)
2026-03-23 13:33:58 [main] INFO  i.g.bonigarcia.wdm.WebDriverManager - Exporting webdriver.chrome.driver as C:\Users\Admin\.cache\selenium\chromedriver\win64\146.0.7680.153\chromedriver.exe
2026-03-23 13:33:59 [main] INFO  com.insove.utils.DriverManager - Driver khởi tạo thành công
2026-03-23 13:33:59 [main] INFO  com.insove.tests.AuthenticationTest - --- Bắt đầu test: auth076_loginLinkOnRegisterPage ---
2026-03-23 13:33:59 [main] INFO  com.insove.listeners.TestListener - ▶ BẮT ĐẦU TEST: auth076_loginLinkOnRegisterPage
2026-03-23 13:34:00 [main] INFO  com.insove.pages.RegisterPage - Điều hướng đến: https://demo6.cybersoft.edu.vn/register
2026-03-23 13:34:00 [main] INFO  com.insove.pages.RegisterPage - Mở trang Đăng ký
2026-03-23 13:34:03 [main] INFO  com.insove.listeners.TestListener - ✅ PASS: auth076_loginLinkOnRegisterPage
]]></system-out>
    <system-err><![CDATA[Mar 23, 2026 1:33:59 PM org.openqa.selenium.devtools.CdpVersionFinder findNearestMatch
WARNING: Unable to find CDP implementation matching 146
Mar 23, 2026 1:33:59 PM org.openqa.selenium.chromium.ChromiumDriver lambda$new$5
WARNING: Unable to find version of CDP to use for 146.0.7680.153. You may need to include a dependency on a specific version of the CDP using something similar to `org.seleniumhq.selenium:selenium-devtools-v86:4.18.1` where the version ("v86") matches the version of the chromium-based browser you're using and the version number of the artifact is the same as Selenium's.
]]></system-err>
  </testcase>
  <testcase name="home001_verifyHomepageOverview" classname="com.insove.tests.HomePageTest" time="3.162">
    <system-out><![CDATA[2026-03-23 13:34:03 [main] INFO  com.insove.tests.AuthenticationTest - PASS: auth076_loginLinkOnRegisterPage
2026-03-23 13:34:03 [main] INFO  com.insove.utils.DriverManager - Driver đã được đóng
2026-03-23 13:34:03 [main] INFO  com.insove.listeners.TestListener - ========== KẾT THÚC: Authentication Tests | Pass: 16 | Fail: 0 | Skip: 0 ==========
2026-03-23 13:34:03 [main] INFO  c.insove.utils.ExtentReportManager - Report đã được lưu
2026-03-23 13:34:03 [main] INFO  com.insove.listeners.TestListener - ========== BẮT ĐẦU: HomePage Tests ==========
2026-03-23 13:34:03 [main] INFO  com.insove.utils.DriverManager - Khởi tạo driver: chrome | headless: false
2026-03-23 13:34:03 [main] INFO  i.g.bonigarcia.wdm.WebDriverManager - Using chromedriver 146.0.7680.153 (resolved driver for Chrome 146)
2026-03-23 13:34:03 [main] INFO  i.g.bonigarcia.wdm.WebDriverManager - Exporting webdriver.chrome.driver as C:\Users\Admin\.cache\selenium\chromedriver\win64\146.0.7680.153\chromedriver.exe
2026-03-23 13:34:04 [main] INFO  com.insove.utils.DriverManager - Driver khởi tạo thành công
2026-03-23 13:34:04 [main] INFO  com.insove.tests.HomePageTest - --- Bắt đầu test: home001_verifyHomepageOverview ---
2026-03-23 13:34:04 [main] INFO  com.insove.listeners.TestListener - ▶ BẮT ĐẦU TEST: home001_verifyHomepageOverview
2026-03-23 13:34:06 [main] INFO  com.insove.pages.HomePage - Điều hướng đến: https://demo6.cybersoft.edu.vn/
2026-03-23 13:34:06 [main] INFO  com.insove.pages.HomePage - Mo trang chu
2026-03-23 13:34:08 [main] INFO  com.insove.tests.HomePageTest -   Step: Kiem tra nav menu hien thi
2026-03-23 13:34:08 [main] INFO  com.insove.listeners.TestListener - ✅ PASS: home001_verifyHomepageOverview
]]></system-out>
    <system-err><![CDATA[Mar 23, 2026 1:34:04 PM org.openqa.selenium.devtools.CdpVersionFinder findNearestMatch
WARNING: Unable to find CDP implementation matching 146
Mar 23, 2026 1:34:04 PM org.openqa.selenium.chromium.ChromiumDriver lambda$new$5
WARNING: Unable to find version of CDP to use for 146.0.7680.153. You may need to include a dependency on a specific version of the CDP using something similar to `org.seleniumhq.selenium:selenium-devtools-v86:4.18.1` where the version ("v86") matches the version of the chromium-based browser you're using and the version number of the artifact is the same as Selenium's.
]]></system-err>
  </testcase>
  <testcase name="home004_verifyLogoDisplay" classname="com.insove.tests.HomePageTest" time="2.948">
    <system-out><![CDATA[2026-03-23 13:34:08 [main] INFO  com.insove.tests.HomePageTest - PASS: home001_verifyHomepageOverview
2026-03-23 13:34:08 [main] INFO  com.insove.utils.DriverManager - Driver đã được đóng
2026-03-23 13:34:08 [main] INFO  com.insove.utils.DriverManager - Khởi tạo driver: chrome | headless: false
2026-03-23 13:34:08 [main] INFO  i.g.bonigarcia.wdm.WebDriverManager - Using chromedriver 146.0.7680.153 (resolved driver for Chrome 146)
2026-03-23 13:34:08 [main] INFO  i.g.bonigarcia.wdm.WebDriverManager - Exporting webdriver.chrome.driver as C:\Users\Admin\.cache\selenium\chromedriver\win64\146.0.7680.153\chromedriver.exe
2026-03-23 13:34:09 [main] INFO  com.insove.utils.DriverManager - Driver khởi tạo thành công
2026-03-23 13:34:09 [main] INFO  com.insove.tests.HomePageTest - --- Bắt đầu test: home004_verifyLogoDisplay ---
2026-03-23 13:34:09 [main] INFO  com.insove.listeners.TestListener - ▶ BẮT ĐẦU TEST: home004_verifyLogoDisplay
2026-03-23 13:34:10 [main] INFO  com.insove.pages.HomePage - Điều hướng đến: https://demo6.cybersoft.edu.vn/
2026-03-23 13:34:10 [main] INFO  com.insove.pages.HomePage - Mo trang chu
2026-03-23 13:34:12 [main] INFO  com.insove.listeners.TestListener - ✅ PASS: home004_verifyLogoDisplay
]]></system-out>
    <system-err><![CDATA[Mar 23, 2026 1:34:09 PM org.openqa.selenium.devtools.CdpVersionFinder findNearestMatch
WARNING: Unable to find CDP implementation matching 146
Mar 23, 2026 1:34:09 PM org.openqa.selenium.chromium.ChromiumDriver lambda$new$5
WARNING: Unable to find version of CDP to use for 146.0.7680.153. You may need to include a dependency on a specific version of the CDP using something similar to `org.seleniumhq.selenium:selenium-devtools-v86:4.18.1` where the version ("v86") matches the version of the chromium-based browser you're using and the version number of the artifact is the same as Selenium's.
]]></system-err>
  </testcase>
  <testcase name="home005_verifyMainMenuItems" classname="com.insove.tests.HomePageTest" time="2.765">
    <system-out><![CDATA[2026-03-23 13:34:12 [main] INFO  com.insove.tests.HomePageTest - PASS: home004_verifyLogoDisplay
2026-03-23 13:34:14 [main] INFO  com.insove.utils.DriverManager - Driver đã được đóng
2026-03-23 13:34:14 [main] INFO  com.insove.utils.DriverManager - Khởi tạo driver: chrome | headless: false
2026-03-23 13:34:14 [main] INFO  i.g.bonigarcia.wdm.WebDriverManager - Using chromedriver 146.0.7680.153 (resolved driver for Chrome 146)
2026-03-23 13:34:14 [main] INFO  i.g.bonigarcia.wdm.WebDriverManager - Exporting webdriver.chrome.driver as C:\Users\Admin\.cache\selenium\chromedriver\win64\146.0.7680.153\chromedriver.exe
2026-03-23 13:34:15 [main] INFO  com.insove.utils.DriverManager - Driver khởi tạo thành công
2026-03-23 13:34:15 [main] INFO  com.insove.tests.HomePageTest - --- Bắt đầu test: home005_verifyMainMenuItems ---
2026-03-23 13:34:15 [main] INFO  com.insove.listeners.TestListener - ▶ BẮT ĐẦU TEST: home005_verifyMainMenuItems
2026-03-23 13:34:16 [main] INFO  com.insove.pages.HomePage - Điều hướng đến: https://demo6.cybersoft.edu.vn/
2026-03-23 13:34:16 [main] INFO  com.insove.pages.HomePage - Mo trang chu
2026-03-23 13:34:17 [main] INFO  com.insove.listeners.TestListener - ✅ PASS: home005_verifyMainMenuItems
]]></system-out>
    <system-err><![CDATA[Mar 23, 2026 1:34:15 PM org.openqa.selenium.devtools.CdpVersionFinder findNearestMatch
WARNING: Unable to find CDP implementation matching 146
Mar 23, 2026 1:34:15 PM org.openqa.selenium.chromium.ChromiumDriver lambda$new$5
WARNING: Unable to find version of CDP to use for 146.0.7680.153. You may need to include a dependency on a specific version of the CDP using something similar to `org.seleniumhq.selenium:selenium-devtools-v86:4.18.1` where the version ("v86") matches the version of the chromium-based browser you're using and the version number of the artifact is the same as Selenium's.
]]></system-err>
  </testcase>
  <testcase name="home008_verifyStickyHeader" classname="com.insove.tests.HomePageTest" time="3.424">
    <system-out><![CDATA[2026-03-23 13:34:17 [main] INFO  com.insove.tests.HomePageTest - PASS: home005_verifyMainMenuItems
2026-03-23 13:34:18 [main] INFO  com.insove.utils.DriverManager - Driver đã được đóng
2026-03-23 13:34:18 [main] INFO  com.insove.utils.DriverManager - Khởi tạo driver: chrome | headless: false
2026-03-23 13:34:18 [main] INFO  i.g.bonigarcia.wdm.WebDriverManager - Using chromedriver 146.0.7680.153 (resolved driver for Chrome 146)
2026-03-23 13:34:18 [main] INFO  i.g.bonigarcia.wdm.WebDriverManager - Exporting webdriver.chrome.driver as C:\Users\Admin\.cache\selenium\chromedriver\win64\146.0.7680.153\chromedriver.exe
2026-03-23 13:34:19 [main] INFO  com.insove.utils.DriverManager - Driver khởi tạo thành công
2026-03-23 13:34:19 [main] INFO  com.insove.tests.HomePageTest - --- Bắt đầu test: home008_verifyStickyHeader ---
2026-03-23 13:34:19 [main] INFO  com.insove.listeners.TestListener - ▶ BẮT ĐẦU TEST: home008_verifyStickyHeader
2026-03-23 13:34:20 [main] INFO  com.insove.pages.HomePage - Điều hướng đến: https://demo6.cybersoft.edu.vn/
2026-03-23 13:34:20 [main] INFO  com.insove.pages.HomePage - Mo trang chu
2026-03-23 13:34:22 [main] INFO  com.insove.listeners.TestListener - ✅ PASS: home008_verifyStickyHeader
]]></system-out>
    <system-err><![CDATA[Mar 23, 2026 1:34:18 PM org.openqa.selenium.devtools.CdpVersionFinder findNearestMatch
WARNING: Unable to find CDP implementation matching 146
Mar 23, 2026 1:34:18 PM org.openqa.selenium.chromium.ChromiumDriver lambda$new$5
WARNING: Unable to find version of CDP to use for 146.0.7680.153. You may need to include a dependency on a specific version of the CDP using something similar to `org.seleniumhq.selenium:selenium-devtools-v86:4.18.1` where the version ("v86") matches the version of the chromium-based browser you're using and the version number of the artifact is the same as Selenium's.
]]></system-err>
  </testcase>
  <testcase name="home012_verifyHeroTitle" classname="com.insove.tests.HomePageTest" time="77.972">
    <system-out><![CDATA[2026-03-23 13:34:22 [main] INFO  com.insove.tests.HomePageTest - PASS: home008_verifyStickyHeader
2026-03-23 13:34:22 [main] INFO  com.insove.utils.DriverManager - Driver đã được đóng
2026-03-23 13:34:22 [main] INFO  com.insove.utils.DriverManager - Khởi tạo driver: chrome | headless: false
2026-03-23 13:34:22 [main] INFO  i.g.bonigarcia.wdm.WebDriverManager - Using chromedriver 146.0.7680.153 (resolved driver for Chrome 146)
2026-03-23 13:34:22 [main] INFO  i.g.bonigarcia.wdm.WebDriverManager - Exporting webdriver.chrome.driver as C:\Users\Admin\.cache\selenium\chromedriver\win64\146.0.7680.153\chromedriver.exe
2026-03-23 13:34:23 [main] INFO  com.insove.utils.DriverManager - Driver khởi tạo thành công
2026-03-23 13:34:23 [main] INFO  com.insove.tests.HomePageTest - --- Bắt đầu test: home012_verifyHeroTitle ---
2026-03-23 13:34:23 [main] INFO  com.insove.listeners.TestListener - ▶ BẮT ĐẦU TEST: home012_verifyHeroTitle
2026-03-23 13:34:24 [main] INFO  com.insove.pages.HomePage - Điều hướng đến: https://demo6.cybersoft.edu.vn/
2026-03-23 13:34:24 [main] INFO  com.insove.pages.HomePage - Mo trang chu
2026-03-23 13:35:41 [main] INFO  com.insove.listeners.TestListener - ✅ PASS: home012_verifyHeroTitle
]]></system-out>
    <system-err><![CDATA[Mar 23, 2026 1:34:23 PM org.openqa.selenium.devtools.CdpVersionFinder findNearestMatch
WARNING: Unable to find CDP implementation matching 146
Mar 23, 2026 1:34:23 PM org.openqa.selenium.chromium.ChromiumDriver lambda$new$5
WARNING: Unable to find version of CDP to use for 146.0.7680.153. You may need to include a dependency on a specific version of the CDP using something similar to `org.seleniumhq.selenium:selenium-devtools-v86:4.18.1` where the version ("v86") matches the version of the chromium-based browser you're using and the version number of the artifact is the same as Selenium's.
]]></system-err>
  </testcase>
  <testcase name="home014_verifyContactButton" classname="com.insove.tests.HomePageTest" time="33.063">
    <system-out><![CDATA[2026-03-23 13:35:41 [main] INFO  com.insove.tests.HomePageTest - PASS: home012_verifyHeroTitle
2026-03-23 13:35:41 [main] INFO  com.insove.utils.DriverManager - Driver đã được đóng
2026-03-23 13:35:41 [main] INFO  com.insove.utils.DriverManager - Khởi tạo driver: chrome | headless: false
2026-03-23 13:35:42 [main] INFO  i.g.bonigarcia.wdm.WebDriverManager - Using chromedriver 146.0.7680.153 (resolved driver for Chrome 146)
2026-03-23 13:35:42 [main] INFO  i.g.bonigarcia.wdm.WebDriverManager - Exporting webdriver.chrome.driver as C:\Users\Admin\.cache\selenium\chromedriver\win64\146.0.7680.153\chromedriver.exe
2026-03-23 13:35:42 [main] INFO  com.insove.utils.DriverManager - Driver khởi tạo thành công
2026-03-23 13:35:42 [main] INFO  com.insove.tests.HomePageTest - --- Bắt đầu test: home014_verifyContactButton ---
2026-03-23 13:35:42 [main] INFO  com.insove.listeners.TestListener - ▶ BẮT ĐẦU TEST: home014_verifyContactButton
2026-03-23 13:35:44 [main] INFO  com.insove.pages.HomePage - Điều hướng đến: https://demo6.cybersoft.edu.vn/
2026-03-23 13:35:44 [main] INFO  com.insove.pages.HomePage - Mo trang chu
2026-03-23 13:36:16 [main] INFO  com.insove.listeners.TestListener - ✅ PASS: home014_verifyContactButton
]]></system-out>
    <system-err><![CDATA[Mar 23, 2026 1:35:42 PM org.openqa.selenium.devtools.CdpVersionFinder findNearestMatch
WARNING: Unable to find CDP implementation matching 146
Mar 23, 2026 1:35:42 PM org.openqa.selenium.chromium.ChromiumDriver lambda$new$5
WARNING: Unable to find version of CDP to use for 146.0.7680.153. You may need to include a dependency on a specific version of the CDP using something similar to `org.seleniumhq.selenium:selenium-devtools-v86:4.18.1` where the version ("v86") matches the version of the chromium-based browser you're using and the version number of the artifact is the same as Selenium's.
]]></system-err>
  </testcase>
  <testcase name="home022_verifyFaqTitle" classname="com.insove.tests.HomePageTest" time="3.171">
    <system-out><![CDATA[2026-03-23 13:36:16 [main] INFO  com.insove.tests.HomePageTest - PASS: home014_verifyContactButton
2026-03-23 13:36:16 [main] INFO  com.insove.utils.DriverManager - Driver đã được đóng
2026-03-23 13:36:16 [main] INFO  com.insove.utils.DriverManager - Khởi tạo driver: chrome | headless: false
2026-03-23 13:36:16 [main] INFO  i.g.bonigarcia.wdm.WebDriverManager - Using chromedriver 146.0.7680.153 (resolved driver for Chrome 146)
2026-03-23 13:36:16 [main] INFO  i.g.bonigarcia.wdm.WebDriverManager - Exporting webdriver.chrome.driver as C:\Users\Admin\.cache\selenium\chromedriver\win64\146.0.7680.153\chromedriver.exe
2026-03-23 13:36:17 [main] INFO  com.insove.utils.DriverManager - Driver khởi tạo thành công
2026-03-23 13:36:17 [main] INFO  com.insove.tests.HomePageTest - --- Bắt đầu test: home022_verifyFaqTitle ---
2026-03-23 13:36:17 [main] INFO  com.insove.listeners.TestListener - ▶ BẮT ĐẦU TEST: home022_verifyFaqTitle
2026-03-23 13:36:18 [main] INFO  com.insove.pages.HomePage - Điều hướng đến: https://demo6.cybersoft.edu.vn/
2026-03-23 13:36:18 [main] INFO  com.insove.pages.HomePage - Mo trang chu
2026-03-23 13:36:20 [main] INFO  com.insove.listeners.TestListener - ✅ PASS: home022_verifyFaqTitle
]]></system-out>
    <system-err><![CDATA[Mar 23, 2026 1:36:17 PM org.openqa.selenium.devtools.CdpVersionFinder findNearestMatch
WARNING: Unable to find CDP implementation matching 146
Mar 23, 2026 1:36:17 PM org.openqa.selenium.chromium.ChromiumDriver lambda$new$5
WARNING: Unable to find version of CDP to use for 146.0.7680.153. You may need to include a dependency on a specific version of the CDP using something similar to `org.seleniumhq.selenium:selenium-devtools-v86:4.18.1` where the version ("v86") matches the version of the chromium-based browser you're using and the version number of the artifact is the same as Selenium's.
]]></system-err>
  </testcase>
  <testcase name="home023_verifyFaqInteractable" classname="com.insove.tests.HomePageTest" time="3.061">
    <system-out><![CDATA[2026-03-23 13:36:20 [main] INFO  com.insove.tests.HomePageTest - PASS: home022_verifyFaqTitle
2026-03-23 13:36:20 [main] INFO  com.insove.utils.DriverManager - Driver đã được đóng
2026-03-23 13:36:20 [main] INFO  com.insove.utils.DriverManager - Khởi tạo driver: chrome | headless: false
2026-03-23 13:36:20 [main] INFO  i.g.bonigarcia.wdm.WebDriverManager - Using chromedriver 146.0.7680.153 (resolved driver for Chrome 146)
2026-03-23 13:36:20 [main] INFO  i.g.bonigarcia.wdm.WebDriverManager - Exporting webdriver.chrome.driver as C:\Users\Admin\.cache\selenium\chromedriver\win64\146.0.7680.153\chromedriver.exe
2026-03-23 13:36:21 [main] INFO  com.insove.utils.DriverManager - Driver khởi tạo thành công
2026-03-23 13:36:21 [main] INFO  com.insove.tests.HomePageTest - --- Bắt đầu test: home023_verifyFaqInteractable ---
2026-03-23 13:36:21 [main] INFO  com.insove.listeners.TestListener - ▶ BẮT ĐẦU TEST: home023_verifyFaqInteractable
2026-03-23 13:36:23 [main] INFO  com.insove.pages.HomePage - Điều hướng đến: https://demo6.cybersoft.edu.vn/
2026-03-23 13:36:23 [main] INFO  com.insove.pages.HomePage - Mo trang chu
2026-03-23 13:36:24 [main] INFO  com.insove.listeners.TestListener - ✅ PASS: home023_verifyFaqInteractable
]]></system-out>
    <system-err><![CDATA[Mar 23, 2026 1:36:21 PM org.openqa.selenium.devtools.CdpVersionFinder findNearestMatch
WARNING: Unable to find CDP implementation matching 146
Mar 23, 2026 1:36:21 PM org.openqa.selenium.chromium.ChromiumDriver lambda$new$5
WARNING: Unable to find version of CDP to use for 146.0.7680.153. You may need to include a dependency on a specific version of the CDP using something similar to `org.seleniumhq.selenium:selenium-devtools-v86:4.18.1` where the version ("v86") matches the version of the chromium-based browser you're using and the version number of the artifact is the same as Selenium's.
]]></system-err>
  </testcase>
  <testcase name="home029_verifyRecentArticlesTitle" classname="com.insove.tests.HomePageTest" time="2.769">
    <system-out><![CDATA[2026-03-23 13:36:24 [main] INFO  com.insove.tests.HomePageTest - PASS: home023_verifyFaqInteractable
2026-03-23 13:36:25 [main] INFO  com.insove.utils.DriverManager - Driver đã được đóng
2026-03-23 13:36:25 [main] INFO  com.insove.utils.DriverManager - Khởi tạo driver: chrome | headless: false
2026-03-23 13:36:25 [main] INFO  i.g.bonigarcia.wdm.WebDriverManager - Using chromedriver 146.0.7680.153 (resolved driver for Chrome 146)
2026-03-23 13:36:25 [main] INFO  i.g.bonigarcia.wdm.WebDriverManager - Exporting webdriver.chrome.driver as C:\Users\Admin\.cache\selenium\chromedriver\win64\146.0.7680.153\chromedriver.exe
2026-03-23 13:36:25 [main] INFO  com.insove.utils.DriverManager - Driver khởi tạo thành công
2026-03-23 13:36:25 [main] INFO  com.insove.tests.HomePageTest - --- Bắt đầu test: home029_verifyRecentArticlesTitle ---
2026-03-23 13:36:25 [main] INFO  com.insove.listeners.TestListener - ▶ BẮT ĐẦU TEST: home029_verifyRecentArticlesTitle
2026-03-23 13:36:27 [main] INFO  com.insove.pages.HomePage - Điều hướng đến: https://demo6.cybersoft.edu.vn/
2026-03-23 13:36:27 [main] INFO  com.insove.pages.HomePage - Mo trang chu
2026-03-23 13:36:28 [main] INFO  com.insove.listeners.TestListener - ✅ PASS: home029_verifyRecentArticlesTitle
]]></system-out>
    <system-err><![CDATA[Mar 23, 2026 1:36:25 PM org.openqa.selenium.devtools.CdpVersionFinder findNearestMatch
WARNING: Unable to find CDP implementation matching 146
Mar 23, 2026 1:36:25 PM org.openqa.selenium.chromium.ChromiumDriver lambda$new$5
WARNING: Unable to find version of CDP to use for 146.0.7680.153. You may need to include a dependency on a specific version of the CDP using something similar to `org.seleniumhq.selenium:selenium-devtools-v86:4.18.1` where the version ("v86") matches the version of the chromium-based browser you're using and the version number of the artifact is the same as Selenium's.
]]></system-err>
  </testcase>
  <testcase name="home030_verifyMinThreeArticles" classname="com.insove.tests.HomePageTest" time="19.128">
    <failure message="Can it nhat 1 bai viet. Hien co: 0 expected [true] but found [false]" type="java.lang.AssertionError"><![CDATA[java.lang.AssertionError: Can it nhat 1 bai viet. Hien co: 0 expected [true] but found [false]
	at org.testng.Assert.fail(Assert.java:111)
	at org.testng.Assert.failNotEquals(Assert.java:1578)
	at org.testng.Assert.assertTrue(Assert.java:57)
	at com.insove.tests.HomePageTest.home030_verifyMinThreeArticles(HomePageTest.java:93)
	at java.base/jdk.internal.reflect.DirectMethodHandleAccessor.invoke(DirectMethodHandleAccessor.java:103)
	at java.base/java.lang.reflect.Method.invoke(Method.java:580)
	at org.testng.internal.invokers.MethodInvocationHelper.invokeMethod(MethodInvocationHelper.java:139)
	at org.testng.internal.invokers.TestInvoker.invokeMethod(TestInvoker.java:664)
	at org.testng.internal.invokers.TestInvoker.invokeTestMethod(TestInvoker.java:228)
	at org.testng.internal.invokers.MethodRunner.runInSequence(MethodRunner.java:63)
	at org.testng.internal.invokers.TestInvoker$MethodInvocationAgent.invoke(TestInvoker.java:961)
	at org.testng.internal.invokers.TestInvoker.invokeTestMethods(TestInvoker.java:201)
	at org.testng.internal.invokers.TestMethodWorker.invokeTestMethods(TestMethodWorker.java:148)
	at org.testng.internal.invokers.TestMethodWorker.run(TestMethodWorker.java:128)
	at java.base/java.util.ArrayList.forEach(ArrayList.java:1596)
	at org.testng.TestRunner.privateRun(TestRunner.java:819)
	at org.testng.TestRunner.run(TestRunner.java:619)
	at org.testng.SuiteRunner.runTest(SuiteRunner.java:443)
	at org.testng.SuiteRunner.runSequentially(SuiteRunner.java:437)
	at org.testng.SuiteRunner.privateRun(SuiteRunner.java:397)
	at org.testng.SuiteRunner.run(SuiteRunner.java:336)
	at org.testng.SuiteRunnerWorker.runSuite(SuiteRunnerWorker.java:52)
	at org.testng.SuiteRunnerWorker.run(SuiteRunnerWorker.java:95)
	at org.testng.TestNG.runSuitesSequentially(TestNG.java:1301)
	at org.testng.TestNG.runSuitesLocally(TestNG.java:1228)
	at org.testng.TestNG.runSuites(TestNG.java:1134)
	at org.testng.TestNG.run(TestNG.java:1101)
	at org.apache.maven.surefire.testng.TestNGExecutor.run(TestNGExecutor.java:308)
	at org.apache.maven.surefire.testng.TestNGXmlTestSuite.execute(TestNGXmlTestSuite.java:71)
	at org.apache.maven.surefire.testng.TestNGProvider.invoke(TestNGProvider.java:113)
	at org.apache.maven.surefire.booter.ForkedBooter.runSuitesInProcess(ForkedBooter.java:385)
	at org.apache.maven.surefire.booter.ForkedBooter.execute(ForkedBooter.java:162)
	at org.apache.maven.surefire.booter.ForkedBooter.run(ForkedBooter.java:507)
	at org.apache.maven.surefire.booter.ForkedBooter.main(ForkedBooter.java:495)
]]></failure>
    <system-out><![CDATA[2026-03-23 13:36:28 [main] INFO  com.insove.tests.HomePageTest - PASS: home029_verifyRecentArticlesTitle
2026-03-23 13:36:29 [main] INFO  com.insove.utils.DriverManager - Driver đã được đóng
2026-03-23 13:36:29 [main] INFO  com.insove.utils.DriverManager - Khởi tạo driver: chrome | headless: false
2026-03-23 13:36:29 [main] INFO  i.g.bonigarcia.wdm.WebDriverManager - Using chromedriver 146.0.7680.153 (resolved driver for Chrome 146)
2026-03-23 13:36:29 [main] INFO  i.g.bonigarcia.wdm.WebDriverManager - Exporting webdriver.chrome.driver as C:\Users\Admin\.cache\selenium\chromedriver\win64\146.0.7680.153\chromedriver.exe
2026-03-23 13:36:29 [main] INFO  com.insove.utils.DriverManager - Driver khởi tạo thành công
2026-03-23 13:36:29 [main] INFO  com.insove.tests.HomePageTest - --- Bắt đầu test: home030_verifyMinThreeArticles ---
2026-03-23 13:36:29 [main] INFO  com.insove.listeners.TestListener - ▶ BẮT ĐẦU TEST: home030_verifyMinThreeArticles
2026-03-23 13:36:31 [main] INFO  com.insove.pages.HomePage - Điều hướng đến: https://demo6.cybersoft.edu.vn/
2026-03-23 13:36:31 [main] INFO  com.insove.pages.HomePage - Mo trang chu
2026-03-23 13:36:48 [main] ERROR com.insove.listeners.TestListener - ❌ FAIL: home030_verifyMinThreeArticles | Lỗi: Can it nhat 1 bai viet. Hien co: 0 expected [true] but found [false]
2026-03-23 13:36:49 [main] INFO  com.insove.utils.ScreenshotUtil - Screenshot đã lưu: screenshots\FAIL_home030_verifyMinThreeArticles_2026-03-23_13-36-48.png
]]></system-out>
    <system-err><![CDATA[Mar 23, 2026 1:36:29 PM org.openqa.selenium.devtools.CdpVersionFinder findNearestMatch
WARNING: Unable to find CDP implementation matching 146
Mar 23, 2026 1:36:29 PM org.openqa.selenium.chromium.ChromiumDriver lambda$new$5
WARNING: Unable to find version of CDP to use for 146.0.7680.153. You may need to include a dependency on a specific version of the CDP using something similar to `org.seleniumhq.selenium:selenium-devtools-v86:4.18.1` where the version ("v86") matches the version of the chromium-based browser you're using and the version number of the artifact is the same as Selenium's.
]]></system-err>
  </testcase>
  <testcase name="home037_verifyCopyright" classname="com.insove.tests.HomePageTest" time="2.806">
    <system-out><![CDATA[2026-03-23 13:36:49 [main] INFO  com.insove.utils.ScreenshotUtil - Screenshot đã lưu: screenshots\home030_verifyMinThreeArticles_2026-03-23_13-36-49.png
2026-03-23 13:36:49 [main] ERROR com.insove.tests.HomePageTest - FAIL: home030_verifyMinThreeArticles | Lỗi: Can it nhat 1 bai viet. Hien co: 0 expected [true] but found [false]
2026-03-23 13:36:49 [main] INFO  com.insove.utils.DriverManager - Driver đã được đóng
2026-03-23 13:36:49 [main] INFO  com.insove.utils.DriverManager - Khởi tạo driver: chrome | headless: false
2026-03-23 13:36:49 [main] INFO  i.g.bonigarcia.wdm.WebDriverManager - Using chromedriver 146.0.7680.153 (resolved driver for Chrome 146)
2026-03-23 13:36:49 [main] INFO  i.g.bonigarcia.wdm.WebDriverManager - Exporting webdriver.chrome.driver as C:\Users\Admin\.cache\selenium\chromedriver\win64\146.0.7680.153\chromedriver.exe
2026-03-23 13:36:50 [main] INFO  com.insove.utils.DriverManager - Driver khởi tạo thành công
2026-03-23 13:36:50 [main] INFO  com.insove.tests.HomePageTest - --- Bắt đầu test: home037_verifyCopyright ---
2026-03-23 13:36:50 [main] INFO  com.insove.listeners.TestListener - ▶ BẮT ĐẦU TEST: home037_verifyCopyright
2026-03-23 13:36:50 [main] INFO  com.insove.pages.HomePage - Điều hướng đến: https://demo6.cybersoft.edu.vn/
2026-03-23 13:36:50 [main] INFO  com.insove.pages.HomePage - Mo trang chu
2026-03-23 13:36:53 [main] INFO  com.insove.listeners.TestListener - ✅ PASS: home037_verifyCopyright
]]></system-out>
    <system-err><![CDATA[Mar 23, 2026 1:36:50 PM org.openqa.selenium.devtools.CdpVersionFinder findNearestMatch
WARNING: Unable to find CDP implementation matching 146
Mar 23, 2026 1:36:50 PM org.openqa.selenium.chromium.ChromiumDriver lambda$new$5
WARNING: Unable to find version of CDP to use for 146.0.7680.153. You may need to include a dependency on a specific version of the CDP using something similar to `org.seleniumhq.selenium:selenium-devtools-v86:4.18.1` where the version ("v86") matches the version of the chromium-based browser you're using and the version number of the artifact is the same as Selenium's.
]]></system-err>
  </testcase>
  <testcase name="home053_verifySubscribeForm" classname="com.insove.tests.HomePageTest" time="3.555">
    <system-out><![CDATA[2026-03-23 13:36:53 [main] INFO  com.insove.tests.HomePageTest - PASS: home037_verifyCopyright
2026-03-23 13:36:53 [main] INFO  com.insove.utils.DriverManager - Driver đã được đóng
2026-03-23 13:36:53 [main] INFO  com.insove.utils.DriverManager - Khởi tạo driver: chrome | headless: false
2026-03-23 13:36:53 [main] INFO  i.g.bonigarcia.wdm.WebDriverManager - Using chromedriver 146.0.7680.153 (resolved driver for Chrome 146)
2026-03-23 13:36:53 [main] INFO  i.g.bonigarcia.wdm.WebDriverManager - Exporting webdriver.chrome.driver as C:\Users\Admin\.cache\selenium\chromedriver\win64\146.0.7680.153\chromedriver.exe
2026-03-23 13:36:54 [main] INFO  com.insove.utils.DriverManager - Driver khởi tạo thành công
2026-03-23 13:36:54 [main] INFO  com.insove.tests.HomePageTest - --- Bắt đầu test: home053_verifySubscribeForm ---
2026-03-23 13:36:54 [main] INFO  com.insove.listeners.TestListener - ▶ BẮT ĐẦU TEST: home053_verifySubscribeForm
2026-03-23 13:36:56 [main] INFO  com.insove.pages.HomePage - Điều hướng đến: https://demo6.cybersoft.edu.vn/
2026-03-23 13:36:56 [main] INFO  com.insove.pages.HomePage - Mo trang chu
2026-03-23 13:36:58 [main] INFO  com.insove.listeners.TestListener - ✅ PASS: home053_verifySubscribeForm
]]></system-out>
    <system-err><![CDATA[Mar 23, 2026 1:36:54 PM org.openqa.selenium.devtools.CdpVersionFinder findNearestMatch
WARNING: Unable to find CDP implementation matching 146
Mar 23, 2026 1:36:54 PM org.openqa.selenium.chromium.ChromiumDriver lambda$new$5
WARNING: Unable to find version of CDP to use for 146.0.7680.153. You may need to include a dependency on a specific version of the CDP using something similar to `org.seleniumhq.selenium:selenium-devtools-v86:4.18.1` where the version ("v86") matches the version of the chromium-based browser you're using and the version number of the artifact is the same as Selenium's.
]]></system-err>
  </testcase>
  <testcase name="home055_subscribeInvalidEmail" classname="com.insove.tests.HomePageTest" time="33.322">
    <system-out><![CDATA[2026-03-23 13:36:58 [main] INFO  com.insove.tests.HomePageTest - PASS: home053_verifySubscribeForm
2026-03-23 13:36:58 [main] INFO  com.insove.utils.DriverManager - Driver đã được đóng
2026-03-23 13:36:58 [main] INFO  com.insove.utils.DriverManager - Khởi tạo driver: chrome | headless: false
2026-03-23 13:36:58 [main] INFO  i.g.bonigarcia.wdm.WebDriverManager - Using chromedriver 146.0.7680.153 (resolved driver for Chrome 146)
2026-03-23 13:36:58 [main] INFO  i.g.bonigarcia.wdm.WebDriverManager - Exporting webdriver.chrome.driver as C:\Users\Admin\.cache\selenium\chromedriver\win64\146.0.7680.153\chromedriver.exe
2026-03-23 13:36:59 [main] INFO  com.insove.utils.DriverManager - Driver khởi tạo thành công
2026-03-23 13:36:59 [main] INFO  com.insove.tests.HomePageTest - --- Bắt đầu test: home055_subscribeInvalidEmail ---
2026-03-23 13:36:59 [main] INFO  com.insove.listeners.TestListener - ▶ BẮT ĐẦU TEST: home055_subscribeInvalidEmail
2026-03-23 13:37:00 [main] INFO  com.insove.pages.HomePage - Điều hướng đến: https://demo6.cybersoft.edu.vn/
2026-03-23 13:37:00 [main] INFO  com.insove.pages.HomePage - Mo trang chu
2026-03-23 13:37:32 [main] INFO  com.insove.listeners.TestListener - ✅ PASS: home055_subscribeInvalidEmail
]]></system-out>
    <system-err><![CDATA[Mar 23, 2026 1:36:59 PM org.openqa.selenium.devtools.CdpVersionFinder findNearestMatch
WARNING: Unable to find CDP implementation matching 146
Mar 23, 2026 1:36:59 PM org.openqa.selenium.chromium.ChromiumDriver lambda$new$5
WARNING: Unable to find version of CDP to use for 146.0.7680.153. You may need to include a dependency on a specific version of the CDP using something similar to `org.seleniumhq.selenium:selenium-devtools-v86:4.18.1` where the version ("v86") matches the version of the chromium-based browser you're using and the version number of the artifact is the same as Selenium's.
]]></system-err>
  </testcase>
  <testcase name="home056_subscribeEmptyEmail" classname="com.insove.tests.HomePageTest" time="33.607">
    <system-out><![CDATA[2026-03-23 13:37:32 [main] INFO  com.insove.tests.HomePageTest - PASS: home055_subscribeInvalidEmail
2026-03-23 13:37:33 [main] INFO  com.insove.utils.DriverManager - Driver đã được đóng
2026-03-23 13:37:33 [main] INFO  com.insove.utils.DriverManager - Khởi tạo driver: chrome | headless: false
2026-03-23 13:37:33 [main] INFO  i.g.bonigarcia.wdm.WebDriverManager - Using chromedriver 146.0.7680.153 (resolved driver for Chrome 146)
2026-03-23 13:37:33 [main] INFO  i.g.bonigarcia.wdm.WebDriverManager - Exporting webdriver.chrome.driver as C:\Users\Admin\.cache\selenium\chromedriver\win64\146.0.7680.153\chromedriver.exe
2026-03-23 13:37:34 [main] INFO  com.insove.utils.DriverManager - Driver khởi tạo thành công
2026-03-23 13:37:34 [main] INFO  com.insove.tests.HomePageTest - --- Bắt đầu test: home056_subscribeEmptyEmail ---
2026-03-23 13:37:34 [main] INFO  com.insove.listeners.TestListener - ▶ BẮT ĐẦU TEST: home056_subscribeEmptyEmail
2026-03-23 13:37:35 [main] INFO  com.insove.pages.HomePage - Điều hướng đến: https://demo6.cybersoft.edu.vn/
2026-03-23 13:37:35 [main] INFO  com.insove.pages.HomePage - Mo trang chu
2026-03-23 13:38:07 [main] INFO  com.insove.listeners.TestListener - ✅ PASS: home056_subscribeEmptyEmail
]]></system-out>
    <system-err><![CDATA[Mar 23, 2026 1:37:34 PM org.openqa.selenium.devtools.CdpVersionFinder findNearestMatch
WARNING: Unable to find CDP implementation matching 146
Mar 23, 2026 1:37:34 PM org.openqa.selenium.chromium.ChromiumDriver lambda$new$5
WARNING: Unable to find version of CDP to use for 146.0.7680.153. You may need to include a dependency on a specific version of the CDP using something similar to `org.seleniumhq.selenium:selenium-devtools-v86:4.18.1` where the version ("v86") matches the version of the chromium-based browser you're using and the version number of the artifact is the same as Selenium's.
]]></system-err>
  </testcase>
  <testcase name="book001_verifyAllSectionsDisplayed" classname="com.insove.tests.BookingTest" time="5.692">
    <system-out><![CDATA[2026-03-23 13:38:07 [main] INFO  com.insove.tests.HomePageTest - PASS: home056_subscribeEmptyEmail
2026-03-23 13:38:08 [main] INFO  com.insove.utils.DriverManager - Driver đã được đóng
2026-03-23 13:38:08 [main] INFO  com.insove.listeners.TestListener - ========== KẾT THÚC: HomePage Tests | Pass: 13 | Fail: 1 | Skip: 0 ==========
2026-03-23 13:38:08 [main] INFO  c.insove.utils.ExtentReportManager - Report đã được lưu
2026-03-23 13:38:08 [main] INFO  com.insove.listeners.TestListener - ========== BẮT ĐẦU: Booking Tests ==========
2026-03-23 13:38:08 [main] INFO  com.insove.utils.DriverManager - Khởi tạo driver: chrome | headless: false
2026-03-23 13:38:08 [main] INFO  i.g.bonigarcia.wdm.WebDriverManager - Using chromedriver 146.0.7680.153 (resolved driver for Chrome 146)
2026-03-23 13:38:08 [main] INFO  i.g.bonigarcia.wdm.WebDriverManager - Exporting webdriver.chrome.driver as C:\Users\Admin\.cache\selenium\chromedriver\win64\146.0.7680.153\chromedriver.exe
2026-03-23 13:38:09 [main] INFO  com.insove.utils.DriverManager - Driver khởi tạo thành công
2026-03-23 13:38:09 [main] INFO  com.insove.tests.BookingTest - --- Bắt đầu test: book001_verifyAllSectionsDisplayed ---
2026-03-23 13:38:09 [main] INFO  com.insove.listeners.TestListener - ▶ BẮT ĐẦU TEST: book001_verifyAllSectionsDisplayed
2026-03-23 13:38:09 [main] INFO  com.insove.tests.BookingTest -   Step: Đăng nhập và mở trang Đặt lịch khám
2026-03-23 13:38:09 [main] INFO  com.insove.pages.LoginPage - Điều hướng đến: https://demo6.cybersoft.edu.vn/login
2026-03-23 13:38:09 [main] INFO  com.insove.pages.LoginPage - Mở trang /login
2026-03-23 13:38:11 [main] INFO  com.insove.pages.LoginPage - Click nút Đăng nhập
2026-03-23 13:38:12 [main] INFO  com.insove.pages.BookingPage - Điều hướng đến: https://demo6.cybersoft.edu.vn/booking
2026-03-23 13:38:12 [main] INFO  com.insove.pages.BookingPage - Mo trang Dat lich kham
2026-03-23 13:38:14 [main] INFO  com.insove.tests.BookingTest -   Step: Kiểm tra section Chọn chi nhánh & Bác sĩ
2026-03-23 13:38:14 [main] INFO  com.insove.tests.BookingTest -   Step: Kiểm tra section Chọn ngày & Giờ khám
2026-03-23 13:38:14 [main] INFO  com.insove.tests.BookingTest -   Step: Kiểm tra section Chọn gói dịch vụ
2026-03-23 13:38:14 [main] INFO  com.insove.tests.BookingTest -   Step: Kiểm tra section Thông tin bổ sung
2026-03-23 13:38:14 [main] INFO  com.insove.tests.BookingTest -   Step: Kiểm tra nút Đặt lịch khám
2026-03-23 13:38:14 [main] INFO  com.insove.listeners.TestListener - ✅ PASS: book001_verifyAllSectionsDisplayed
]]></system-out>
    <system-err><![CDATA[Mar 23, 2026 1:38:09 PM org.openqa.selenium.devtools.CdpVersionFinder findNearestMatch
WARNING: Unable to find CDP implementation matching 146
Mar 23, 2026 1:38:09 PM org.openqa.selenium.chromium.ChromiumDriver lambda$new$5
WARNING: Unable to find version of CDP to use for 146.0.7680.153. You may need to include a dependency on a specific version of the CDP using something similar to `org.seleniumhq.selenium:selenium-devtools-v86:4.18.1` where the version ("v86") matches the version of the chromium-based browser you're using and the version number of the artifact is the same as Selenium's.
]]></system-err>
  </testcase>
  <testcase name="book003_verifyLabelsAndPlaceholders" classname="com.insove.tests.BookingTest" time="5.359">
    <system-out><![CDATA[2026-03-23 13:38:14 [main] INFO  com.insove.tests.BookingTest - PASS: book001_verifyAllSectionsDisplayed
2026-03-23 13:38:15 [main] INFO  com.insove.utils.DriverManager - Driver đã được đóng
2026-03-23 13:38:15 [main] INFO  com.insove.utils.DriverManager - Khởi tạo driver: chrome | headless: false
2026-03-23 13:38:15 [main] INFO  i.g.bonigarcia.wdm.WebDriverManager - Using chromedriver 146.0.7680.153 (resolved driver for Chrome 146)
2026-03-23 13:38:15 [main] INFO  i.g.bonigarcia.wdm.WebDriverManager - Exporting webdriver.chrome.driver as C:\Users\Admin\.cache\selenium\chromedriver\win64\146.0.7680.153\chromedriver.exe
2026-03-23 13:38:15 [main] INFO  com.insove.utils.DriverManager - Driver khởi tạo thành công
2026-03-23 13:38:16 [main] INFO  com.insove.tests.BookingTest - --- Bắt đầu test: book003_verifyLabelsAndPlaceholders ---
2026-03-23 13:38:16 [main] INFO  com.insove.listeners.TestListener - ▶ BẮT ĐẦU TEST: book003_verifyLabelsAndPlaceholders
2026-03-23 13:38:16 [main] INFO  com.insove.tests.BookingTest -   Step: Đăng nhập và mở trang Đặt lịch khám
2026-03-23 13:38:16 [main] INFO  com.insove.pages.LoginPage - Điều hướng đến: https://demo6.cybersoft.edu.vn/login
2026-03-23 13:38:16 [main] INFO  com.insove.pages.LoginPage - Mở trang /login
2026-03-23 13:38:18 [main] INFO  com.insove.pages.LoginPage - Click nút Đăng nhập
2026-03-23 13:38:19 [main] INFO  com.insove.pages.BookingPage - Điều hướng đến: https://demo6.cybersoft.edu.vn/booking
2026-03-23 13:38:19 [main] INFO  com.insove.pages.BookingPage - Mo trang Dat lich kham
2026-03-23 13:38:21 [main] INFO  com.insove.tests.BookingTest -   Step: Kiểm tra placeholder của trường ghi chú
2026-03-23 13:38:21 [main] INFO  com.insove.listeners.TestListener - ✅ PASS: book003_verifyLabelsAndPlaceholders
]]></system-out>
    <system-err><![CDATA[Mar 23, 2026 1:38:15 PM org.openqa.selenium.devtools.CdpVersionFinder findNearestMatch
WARNING: Unable to find CDP implementation matching 146
Mar 23, 2026 1:38:15 PM org.openqa.selenium.chromium.ChromiumDriver lambda$new$5
WARNING: Unable to find version of CDP to use for 146.0.7680.153. You may need to include a dependency on a specific version of the CDP using something similar to `org.seleniumhq.selenium:selenium-devtools-v86:4.18.1` where the version ("v86") matches the version of the chromium-based browser you're using and the version number of the artifact is the same as Selenium's.
]]></system-err>
  </testcase>
  <testcase name="book006_verifyPageLoadTime" classname="com.insove.tests.BookingTest" time="4.417">
    <system-out><![CDATA[2026-03-23 13:38:21 [main] INFO  com.insove.tests.BookingTest - PASS: book003_verifyLabelsAndPlaceholders
2026-03-23 13:38:21 [main] INFO  com.insove.utils.DriverManager - Driver đã được đóng
2026-03-23 13:38:21 [main] INFO  com.insove.utils.DriverManager - Khởi tạo driver: chrome | headless: false
2026-03-23 13:38:21 [main] INFO  i.g.bonigarcia.wdm.WebDriverManager - Using chromedriver 146.0.7680.153 (resolved driver for Chrome 146)
2026-03-23 13:38:21 [main] INFO  i.g.bonigarcia.wdm.WebDriverManager - Exporting webdriver.chrome.driver as C:\Users\Admin\.cache\selenium\chromedriver\win64\146.0.7680.153\chromedriver.exe
2026-03-23 13:38:22 [main] INFO  com.insove.utils.DriverManager - Driver khởi tạo thành công
2026-03-23 13:38:22 [main] INFO  com.insove.tests.BookingTest - --- Bắt đầu test: book006_verifyPageLoadTime ---
2026-03-23 13:38:22 [main] INFO  com.insove.listeners.TestListener - ▶ BẮT ĐẦU TEST: book006_verifyPageLoadTime
2026-03-23 13:38:22 [main] INFO  com.insove.tests.BookingTest -   Step: Đăng nhập trước
2026-03-23 13:38:23 [main] INFO  com.insove.pages.LoginPage - Điều hướng đến: https://demo6.cybersoft.edu.vn/login
2026-03-23 13:38:23 [main] INFO  com.insove.pages.LoginPage - Mở trang /login
2026-03-23 13:38:24 [main] INFO  com.insove.pages.LoginPage - Click nút Đăng nhập
2026-03-23 13:38:24 [main] INFO  com.insove.tests.BookingTest -   Step: Đo thời gian tải trang booking
2026-03-23 13:38:24 [main] INFO  com.insove.pages.BookingPage - Điều hướng đến: https://demo6.cybersoft.edu.vn/booking
2026-03-23 13:38:24 [main] INFO  com.insove.pages.BookingPage - Mo trang Dat lich kham
2026-03-23 13:38:26 [main] INFO  com.insove.listeners.TestListener - ✅ PASS: book006_verifyPageLoadTime
]]></system-out>
    <system-err><![CDATA[Mar 23, 2026 1:38:22 PM org.openqa.selenium.devtools.CdpVersionFinder findNearestMatch
WARNING: Unable to find CDP implementation matching 146
Mar 23, 2026 1:38:22 PM org.openqa.selenium.chromium.ChromiumDriver lambda$new$5
WARNING: Unable to find version of CDP to use for 146.0.7680.153. You may need to include a dependency on a specific version of the CDP using something similar to `org.seleniumhq.selenium:selenium-devtools-v86:4.18.1` where the version ("v86") matches the version of the chromium-based browser you're using and the version number of the artifact is the same as Selenium's.
]]></system-err>
  </testcase>
  <testcase name="book008_verifyBranchDropdown" classname="com.insove.tests.BookingTest" time="36.248">
    <failure message="Dropdown chi nhánh không có lựa chọn nào expected [true] but found [false]" type="java.lang.AssertionError"><![CDATA[java.lang.AssertionError: Dropdown chi nhánh không có lựa chọn nào expected [true] but found [false]
	at org.testng.Assert.fail(Assert.java:111)
	at org.testng.Assert.failNotEquals(Assert.java:1578)
	at org.testng.Assert.assertTrue(Assert.java:57)
	at com.insove.tests.BookingTest.book008_verifyBranchDropdown(BookingTest.java:106)
	at java.base/jdk.internal.reflect.DirectMethodHandleAccessor.invoke(DirectMethodHandleAccessor.java:103)
	at java.base/java.lang.reflect.Method.invoke(Method.java:580)
	at org.testng.internal.invokers.MethodInvocationHelper.invokeMethod(MethodInvocationHelper.java:139)
	at org.testng.internal.invokers.TestInvoker.invokeMethod(TestInvoker.java:664)
	at org.testng.internal.invokers.TestInvoker.invokeTestMethod(TestInvoker.java:228)
	at org.testng.internal.invokers.MethodRunner.runInSequence(MethodRunner.java:63)
	at org.testng.internal.invokers.TestInvoker$MethodInvocationAgent.invoke(TestInvoker.java:961)
	at org.testng.internal.invokers.TestInvoker.invokeTestMethods(TestInvoker.java:201)
	at org.testng.internal.invokers.TestMethodWorker.invokeTestMethods(TestMethodWorker.java:148)
	at org.testng.internal.invokers.TestMethodWorker.run(TestMethodWorker.java:128)
	at java.base/java.util.ArrayList.forEach(ArrayList.java:1596)
	at org.testng.TestRunner.privateRun(TestRunner.java:819)
	at org.testng.TestRunner.run(TestRunner.java:619)
	at org.testng.SuiteRunner.runTest(SuiteRunner.java:443)
	at org.testng.SuiteRunner.runSequentially(SuiteRunner.java:437)
	at org.testng.SuiteRunner.privateRun(SuiteRunner.java:397)
	at org.testng.SuiteRunner.run(SuiteRunner.java:336)
	at org.testng.SuiteRunnerWorker.runSuite(SuiteRunnerWorker.java:52)
	at org.testng.SuiteRunnerWorker.run(SuiteRunnerWorker.java:95)
	at org.testng.TestNG.runSuitesSequentially(TestNG.java:1301)
	at org.testng.TestNG.runSuitesLocally(TestNG.java:1228)
	at org.testng.TestNG.runSuites(TestNG.java:1134)
	at org.testng.TestNG.run(TestNG.java:1101)
	at org.apache.maven.surefire.testng.TestNGExecutor.run(TestNGExecutor.java:308)
	at org.apache.maven.surefire.testng.TestNGXmlTestSuite.execute(TestNGXmlTestSuite.java:71)
	at org.apache.maven.surefire.testng.TestNGProvider.invoke(TestNGProvider.java:113)
	at org.apache.maven.surefire.booter.ForkedBooter.runSuitesInProcess(ForkedBooter.java:385)
	at org.apache.maven.surefire.booter.ForkedBooter.execute(ForkedBooter.java:162)
	at org.apache.maven.surefire.booter.ForkedBooter.run(ForkedBooter.java:507)
	at org.apache.maven.surefire.booter.ForkedBooter.main(ForkedBooter.java:495)
]]></failure>
    <system-out><![CDATA[2026-03-23 13:38:26 [main] INFO  com.insove.tests.BookingTest - PASS: book006_verifyPageLoadTime
2026-03-23 13:38:27 [main] INFO  com.insove.utils.DriverManager - Driver đã được đóng
2026-03-23 13:38:27 [main] INFO  com.insove.utils.DriverManager - Khởi tạo driver: chrome | headless: false
2026-03-23 13:38:27 [main] INFO  i.g.bonigarcia.wdm.WebDriverManager - Using chromedriver 146.0.7680.153 (resolved driver for Chrome 146)
2026-03-23 13:38:27 [main] INFO  i.g.bonigarcia.wdm.WebDriverManager - Exporting webdriver.chrome.driver as C:\Users\Admin\.cache\selenium\chromedriver\win64\146.0.7680.153\chromedriver.exe
2026-03-23 13:38:28 [main] INFO  com.insove.utils.DriverManager - Driver khởi tạo thành công
2026-03-23 13:38:28 [main] INFO  com.insove.tests.BookingTest - --- Bắt đầu test: book008_verifyBranchDropdown ---
2026-03-23 13:38:28 [main] INFO  com.insove.listeners.TestListener - ▶ BẮT ĐẦU TEST: book008_verifyBranchDropdown
2026-03-23 13:38:28 [main] INFO  com.insove.tests.BookingTest -   Step: Đăng nhập và mở trang Đặt lịch khám
2026-03-23 13:38:28 [main] INFO  com.insove.pages.LoginPage - Điều hướng đến: https://demo6.cybersoft.edu.vn/login
2026-03-23 13:38:28 [main] INFO  com.insove.pages.LoginPage - Mở trang /login
2026-03-23 13:38:30 [main] INFO  com.insove.pages.LoginPage - Click nút Đăng nhập
2026-03-23 13:38:31 [main] INFO  com.insove.pages.BookingPage - Điều hướng đến: https://demo6.cybersoft.edu.vn/booking
2026-03-23 13:38:31 [main] INFO  com.insove.pages.BookingPage - Mo trang Dat lich kham
2026-03-23 13:38:33 [main] INFO  com.insove.tests.BookingTest -   Step: Mở dropdown chi nhánh và kiểm tra có options
[...]
2026-03-23 13:46:40 [main] INFO  com.insove.pages.ProfilePage - Mo trang Ho so nguoi dung
2026-03-23 13:46:42 [main] INFO  com.insove.tests.ProfileTest -   Step: Kiểm tra tab Lịch hẹn active mặc định
2026-03-23 13:46:42 [main] INFO  com.insove.listeners.TestListener - ✅ PASS: pro025_verifyAppointmentsTabActiveByDefault
]]></system-out>
    <system-err><![CDATA[Mar 23, 2026 1:46:37 PM org.openqa.selenium.devtools.CdpVersionFinder findNearestMatch
WARNING: Unable to find CDP implementation matching 146
Mar 23, 2026 1:46:37 PM org.openqa.selenium.chromium.ChromiumDriver lambda$new$5
WARNING: Unable to find version of CDP to use for 146.0.7680.153. You may need to include a dependency on a specific version of the CDP using something similar to `org.seleniumhq.selenium:selenium-devtools-v86:4.18.1` where the version ("v86") matches the version of the chromium-based browser you're using and the version number of the artifact is the same as Selenium's.
]]></system-err>
  </testcase>
  <testcase name="pro026_verifyTabContentSwitch" classname="com.insove.tests.ProfileTest" time="4.894">
    <system-out><![CDATA[2026-03-23 13:46:42 [main] INFO  com.insove.tests.ProfileTest - PASS: pro025_verifyAppointmentsTabActiveByDefault
2026-03-23 13:46:42 [main] INFO  com.insove.utils.DriverManager - Driver đã được đóng
2026-03-23 13:46:42 [main] INFO  com.insove.utils.DriverManager - Khởi tạo driver: chrome | headless: false
2026-03-23 13:46:42 [main] INFO  i.g.bonigarcia.wdm.WebDriverManager - Using chromedriver 146.0.7680.153 (resolved driver for Chrome 146)
2026-03-23 13:46:42 [main] INFO  i.g.bonigarcia.wdm.WebDriverManager - Exporting webdriver.chrome.driver as C:\Users\Admin\.cache\selenium\chromedriver\win64\146.0.7680.153\chromedriver.exe
2026-03-23 13:46:43 [main] INFO  com.insove.utils.DriverManager - Driver khởi tạo thành công
2026-03-23 13:46:43 [main] INFO  com.insove.tests.ProfileTest - --- Bắt đầu test: pro026_verifyTabContentSwitch ---
2026-03-23 13:46:43 [main] INFO  com.insove.listeners.TestListener - ▶ BẮT ĐẦU TEST: pro026_verifyTabContentSwitch
2026-03-23 13:46:43 [main] INFO  com.insove.tests.ProfileTest -   Step: Đăng nhập và mở trang Hồ sơ
2026-03-23 13:46:44 [main] INFO  com.insove.pages.LoginPage - Điều hướng đến: https://demo6.cybersoft.edu.vn/login
2026-03-23 13:46:44 [main] INFO  com.insove.pages.LoginPage - Mở trang /login
2026-03-23 13:46:45 [main] INFO  com.insove.pages.LoginPage - Click nút Đăng nhập
2026-03-23 13:46:46 [main] INFO  com.insove.pages.ProfilePage - Điều hướng đến: https://demo6.cybersoft.edu.vn/user-info
2026-03-23 13:46:46 [main] INFO  com.insove.pages.ProfilePage - Mo trang Ho so nguoi dung
2026-03-23 13:46:48 [main] INFO  com.insove.tests.ProfileTest -   Step: Click tab Đơn thuốc
2026-03-23 13:46:48 [main] INFO  com.insove.pages.ProfilePage - Click tab index 2
2026-03-23 13:46:48 [main] INFO  com.insove.tests.ProfileTest -   Step: Click tab Hóa đơn
2026-03-23 13:46:48 [main] INFO  com.insove.pages.ProfilePage - Click tab index 3
2026-03-23 13:46:48 [main] INFO  com.insove.tests.ProfileTest -   Step: Click lại tab Lịch hẹn
2026-03-23 13:46:48 [main] INFO  com.insove.pages.ProfilePage - Click tab index 0
2026-03-23 13:46:48 [main] INFO  com.insove.listeners.TestListener - ✅ PASS: pro026_verifyTabContentSwitch
]]></system-out>
    <system-err><![CDATA[Mar 23, 2026 1:46:43 PM org.openqa.selenium.devtools.CdpVersionFinder findNearestMatch
WARNING: Unable to find CDP implementation matching 146
Mar 23, 2026 1:46:43 PM org.openqa.selenium.chromium.ChromiumDriver lambda$new$5
WARNING: Unable to find version of CDP to use for 146.0.7680.153. You may need to include a dependency on a specific version of the CDP using something similar to `org.seleniumhq.selenium:selenium-devtools-v86:4.18.1` where the version ("v86") matches the version of the chromium-based browser you're using and the version number of the artifact is the same as Selenium's.
]]></system-err>
  </testcase>
  <testcase name="pro029_verifyEmptyAppointmentMessage" classname="com.insove.tests.ProfileTest" time="34.854">
    <system-out><![CDATA[2026-03-23 13:46:48 [main] INFO  com.insove.tests.ProfileTest - PASS: pro026_verifyTabContentSwitch
2026-03-23 13:46:48 [main] INFO  com.insove.utils.DriverManager - Driver đã được đóng
2026-03-23 13:46:48 [main] INFO  com.insove.utils.DriverManager - Khởi tạo driver: chrome | headless: false
2026-03-23 13:46:48 [main] INFO  i.g.bonigarcia.wdm.WebDriverManager - Using chromedriver 146.0.7680.153 (resolved driver for Chrome 146)
2026-03-23 13:46:48 [main] INFO  i.g.bonigarcia.wdm.WebDriverManager - Exporting webdriver.chrome.driver as C:\Users\Admin\.cache\selenium\chromedriver\win64\146.0.7680.153\chromedriver.exe
2026-03-23 13:46:49 [main] INFO  com.insove.utils.DriverManager - Driver khởi tạo thành công
2026-03-23 13:46:49 [main] INFO  com.insove.tests.ProfileTest - --- Bắt đầu test: pro029_verifyEmptyAppointmentMessage ---
2026-03-23 13:46:49 [main] INFO  com.insove.listeners.TestListener - ▶ BẮT ĐẦU TEST: pro029_verifyEmptyAppointmentMessage
2026-03-23 13:46:49 [main] INFO  com.insove.tests.ProfileTest -   Step: Đăng nhập và mở trang Hồ sơ
2026-03-23 13:46:50 [main] INFO  com.insove.pages.LoginPage - Điều hướng đến: https://demo6.cybersoft.edu.vn/login
2026-03-23 13:46:50 [main] INFO  com.insove.pages.LoginPage - Mở trang /login
2026-03-23 13:46:51 [main] INFO  com.insove.pages.LoginPage - Click nút Đăng nhập
2026-03-23 13:46:52 [main] INFO  com.insove.pages.ProfilePage - Điều hướng đến: https://demo6.cybersoft.edu.vn/user-info
2026-03-23 13:46:52 [main] INFO  com.insove.pages.ProfilePage - Mo trang Ho so nguoi dung
2026-03-23 13:46:54 [main] INFO  com.insove.tests.ProfileTest -   Step: Kiểm tra nội dung tab Lịch hẹn
2026-03-23 13:47:24 [main] INFO  com.insove.listeners.TestListener - ✅ PASS: pro029_verifyEmptyAppointmentMessage
]]></system-out>
    <system-err><![CDATA[Mar 23, 2026 1:46:49 PM org.openqa.selenium.devtools.CdpVersionFinder findNearestMatch
WARNING: Unable to find CDP implementation matching 146
Mar 23, 2026 1:46:49 PM org.openqa.selenium.chromium.ChromiumDriver lambda$new$5
WARNING: Unable to find version of CDP to use for 146.0.7680.153. You may need to include a dependency on a specific version of the CDP using something similar to `org.seleniumhq.selenium:selenium-devtools-v86:4.18.1` where the version ("v86") matches the version of the chromium-based browser you're using and the version number of the artifact is the same as Selenium's.
]]></system-err>
  </testcase>
  <testcase name="pro038_verifyEmptyWaitlistTab" classname="com.insove.tests.ProfileTest" time="5.208">
    <system-out><![CDATA[2026-03-23 13:47:24 [main] INFO  com.insove.tests.ProfileTest - PASS: pro029_verifyEmptyAppointmentMessage
2026-03-23 13:47:24 [main] INFO  com.insove.utils.DriverManager - Driver đã được đóng
2026-03-23 13:47:24 [main] INFO  com.insove.utils.DriverManager - Khởi tạo driver: chrome | headless: false
2026-03-23 13:47:24 [main] INFO  i.g.bonigarcia.wdm.WebDriverManager - Using chromedriver 146.0.7680.153 (resolved driver for Chrome 146)
2026-03-23 13:47:24 [main] INFO  i.g.bonigarcia.wdm.WebDriverManager - Exporting webdriver.chrome.driver as C:\Users\Admin\.cache\selenium\chromedriver\win64\146.0.7680.153\chromedriver.exe
2026-03-23 13:47:25 [main] INFO  com.insove.utils.DriverManager - Driver khởi tạo thành công
2026-03-23 13:47:25 [main] INFO  com.insove.tests.ProfileTest - --- Bắt đầu test: pro038_verifyEmptyWaitlistTab ---
2026-03-23 13:47:25 [main] INFO  com.insove.listeners.TestListener - ▶ BẮT ĐẦU TEST: pro038_verifyEmptyWaitlistTab
2026-03-23 13:47:25 [main] INFO  com.insove.tests.ProfileTest -   Step: Đăng nhập và mở trang Hồ sơ
2026-03-23 13:47:26 [main] INFO  com.insove.pages.LoginPage - Điều hướng đến: https://demo6.cybersoft.edu.vn/login
2026-03-23 13:47:26 [main] INFO  com.insove.pages.LoginPage - Mở trang /login
2026-03-23 13:47:27 [main] INFO  com.insove.pages.LoginPage - Click nút Đăng nhập
2026-03-23 13:47:28 [main] INFO  com.insove.pages.ProfilePage - Điều hướng đến: https://demo6.cybersoft.edu.vn/user-info
2026-03-23 13:47:28 [main] INFO  com.insove.pages.ProfilePage - Mo trang Ho so nguoi dung
2026-03-23 13:47:30 [main] INFO  com.insove.tests.ProfileTest -   Step: Click tab Danh sách chờ
2026-03-23 13:47:30 [main] INFO  com.insove.pages.ProfilePage - Click tab index 1
2026-03-23 13:47:30 [main] INFO  com.insove.tests.ProfileTest -   Step: Kiểm tra nội dung tab hiển thị (không bị lỗi crash)
2026-03-23 13:47:30 [main] INFO  com.insove.listeners.TestListener - ✅ PASS: pro038_verifyEmptyWaitlistTab
]]></system-out>
    <system-err><![CDATA[Mar 23, 2026 1:47:25 PM org.openqa.selenium.devtools.CdpVersionFinder findNearestMatch
WARNING: Unable to find CDP implementation matching 146
Mar 23, 2026 1:47:25 PM org.openqa.selenium.chromium.ChromiumDriver lambda$new$5
WARNING: Unable to find version of CDP to use for 146.0.7680.153. You may need to include a dependency on a specific version of the CDP using something similar to `org.seleniumhq.selenium:selenium-devtools-v86:4.18.1` where the version ("v86") matches the version of the chromium-based browser you're using and the version number of the artifact is the same as Selenium's.
]]></system-err>
  </testcase>
  <testcase name="pro039_verifyEmptyPrescriptionTab" classname="com.insove.tests.ProfileTest" time="4.894">
    <system-out><![CDATA[2026-03-23 13:47:30 [main] INFO  com.insove.tests.ProfileTest - PASS: pro038_verifyEmptyWaitlistTab
2026-03-23 13:47:30 [main] INFO  com.insove.utils.DriverManager - Driver đã được đóng
2026-03-23 13:47:30 [main] INFO  com.insove.utils.DriverManager - Khởi tạo driver: chrome | headless: false
2026-03-23 13:47:30 [main] INFO  i.g.bonigarcia.wdm.WebDriverManager - Using chromedriver 146.0.7680.153 (resolved driver for Chrome 146)
2026-03-23 13:47:30 [main] INFO  i.g.bonigarcia.wdm.WebDriverManager - Exporting webdriver.chrome.driver as C:\Users\Admin\.cache\selenium\chromedriver\win64\146.0.7680.153\chromedriver.exe
2026-03-23 13:47:31 [main] INFO  com.insove.utils.DriverManager - Driver khởi tạo thành công
2026-03-23 13:47:31 [main] INFO  com.insove.tests.ProfileTest - --- Bắt đầu test: pro039_verifyEmptyPrescriptionTab ---
2026-03-23 13:47:31 [main] INFO  com.insove.listeners.TestListener - ▶ BẮT ĐẦU TEST: pro039_verifyEmptyPrescriptionTab
2026-03-23 13:47:31 [main] INFO  com.insove.tests.ProfileTest -   Step: Đăng nhập và mở trang Hồ sơ
2026-03-23 13:47:32 [main] INFO  com.insove.pages.LoginPage - Điều hướng đến: https://demo6.cybersoft.edu.vn/login
2026-03-23 13:47:32 [main] INFO  com.insove.pages.LoginPage - Mở trang /login
2026-03-23 13:47:33 [main] INFO  com.insove.pages.LoginPage - Click nút Đăng nhập
2026-03-23 13:47:35 [main] INFO  com.insove.pages.ProfilePage - Điều hướng đến: https://demo6.cybersoft.edu.vn/user-info
2026-03-23 13:47:35 [main] INFO  com.insove.pages.ProfilePage - Mo trang Ho so nguoi dung
2026-03-23 13:47:36 [main] INFO  com.insove.tests.ProfileTest -   Step: Click tab Đơn thuốc
2026-03-23 13:47:36 [main] INFO  com.insove.pages.ProfilePage - Click tab index 2
2026-03-23 13:47:36 [main] INFO  com.insove.tests.ProfileTest -   Step: Kiểm tra trang không bị crash
2026-03-23 13:47:36 [main] INFO  com.insove.listeners.TestListener - ✅ PASS: pro039_verifyEmptyPrescriptionTab
]]></system-out>
    <system-err><![CDATA[Mar 23, 2026 1:47:31 PM org.openqa.selenium.devtools.CdpVersionFinder findNearestMatch
WARNING: Unable to find CDP implementation matching 146
Mar 23, 2026 1:47:31 PM org.openqa.selenium.chromium.ChromiumDriver lambda$new$5
WARNING: Unable to find version of CDP to use for 146.0.7680.153. You may need to include a dependency on a specific version of the CDP using something similar to `org.seleniumhq.selenium:selenium-devtools-v86:4.18.1` where the version ("v86") matches the version of the chromium-based browser you're using and the version number of the artifact is the same as Selenium's.
]]></system-err>
  </testcase>
  <testcase name="pro040_verifyEmptyInvoiceTab" classname="com.insove.tests.ProfileTest" time="4.827">
    <system-out><![CDATA[2026-03-23 13:47:36 [main] INFO  com.insove.tests.ProfileTest - PASS: pro039_verifyEmptyPrescriptionTab
2026-03-23 13:47:37 [main] INFO  com.insove.utils.DriverManager - Driver đã được đóng
2026-03-23 13:47:37 [main] INFO  com.insove.utils.DriverManager - Khởi tạo driver: chrome | headless: false
2026-03-23 13:47:37 [main] INFO  i.g.bonigarcia.wdm.WebDriverManager - Using chromedriver 146.0.7680.153 (resolved driver for Chrome 146)
2026-03-23 13:47:37 [main] INFO  i.g.bonigarcia.wdm.WebDriverManager - Exporting webdriver.chrome.driver as C:\Users\Admin\.cache\selenium\chromedriver\win64\146.0.7680.153\chromedriver.exe
2026-03-23 13:47:37 [main] INFO  com.insove.utils.DriverManager - Driver khởi tạo thành công
2026-03-23 13:47:37 [main] INFO  com.insove.tests.ProfileTest - --- Bắt đầu test: pro040_verifyEmptyInvoiceTab ---
2026-03-23 13:47:37 [main] INFO  com.insove.listeners.TestListener - ▶ BẮT ĐẦU TEST: pro040_verifyEmptyInvoiceTab
2026-03-23 13:47:37 [main] INFO  com.insove.tests.ProfileTest -   Step: Đăng nhập và mở trang Hồ sơ
2026-03-23 13:47:38 [main] INFO  com.insove.pages.LoginPage - Điều hướng đến: https://demo6.cybersoft.edu.vn/login
2026-03-23 13:47:38 [main] INFO  com.insove.pages.LoginPage - Mở trang /login
2026-03-23 13:47:40 [main] INFO  com.insove.pages.LoginPage - Click nút Đăng nhập
2026-03-23 13:47:41 [main] INFO  com.insove.pages.ProfilePage - Điều hướng đến: https://demo6.cybersoft.edu.vn/user-info
2026-03-23 13:47:41 [main] INFO  com.insove.pages.ProfilePage - Mo trang Ho so nguoi dung
2026-03-23 13:47:42 [main] INFO  com.insove.tests.ProfileTest -   Step: Click tab Hóa đơn
2026-03-23 13:47:42 [main] INFO  com.insove.pages.ProfilePage - Click tab index 3
2026-03-23 13:47:42 [main] INFO  com.insove.tests.ProfileTest -   Step: Kiểm tra trang không bị crash
2026-03-23 13:47:42 [main] INFO  com.insove.listeners.TestListener - ✅ PASS: pro040_verifyEmptyInvoiceTab
]]></system-out>
    <system-err><![CDATA[Mar 23, 2026 1:47:37 PM org.openqa.selenium.devtools.CdpVersionFinder findNearestMatch
WARNING: Unable to find CDP implementation matching 146
Mar 23, 2026 1:47:37 PM org.openqa.selenium.chromium.ChromiumDriver lambda$new$5
WARNING: Unable to find version of CDP to use for 146.0.7680.153. You may need to include a dependency on a specific version of the CDP using something similar to `org.seleniumhq.selenium:selenium-devtools-v86:4.18.1` where the version ("v86") matches the version of the chromium-based browser you're using and the version number of the artifact is the same as Selenium's.
]]></system-err>
  </testcase>
  <testcase name="pro054_verifySessionManagement" classname="com.insove.tests.ProfileTest" time="4.106">
    <system-out><![CDATA[2026-03-23 13:47:42 [main] INFO  com.insove.tests.ProfileTest - PASS: pro040_verifyEmptyInvoiceTab
2026-03-23 13:47:43 [main] INFO  com.insove.utils.DriverManager - Driver đã được đóng
2026-03-23 13:47:43 [main] INFO  com.insove.utils.DriverManager - Khởi tạo driver: chrome | headless: false
2026-03-23 13:47:43 [main] INFO  i.g.bonigarcia.wdm.WebDriverManager - Using chromedriver 146.0.7680.153 (resolved driver for Chrome 146)
2026-03-23 13:47:43 [main] INFO  i.g.bonigarcia.wdm.WebDriverManager - Exporting webdriver.chrome.driver as C:\Users\Admin\.cache\selenium\chromedriver\win64\146.0.7680.153\chromedriver.exe
2026-03-23 13:47:43 [main] INFO  com.insove.utils.DriverManager - Driver khởi tạo thành công
2026-03-23 13:47:43 [main] INFO  com.insove.tests.ProfileTest - --- Bắt đầu test: pro054_verifySessionManagement ---
2026-03-23 13:47:43 [main] INFO  com.insove.listeners.TestListener - ▶ BẮT ĐẦU TEST: pro054_verifySessionManagement
2026-03-23 13:47:43 [main] INFO  com.insove.tests.ProfileTest -   Step: Đăng nhập thành công
2026-03-23 13:47:44 [main] INFO  com.insove.pages.LoginPage - Điều hướng đến: https://demo6.cybersoft.edu.vn/login
2026-03-23 13:47:44 [main] INFO  com.insove.pages.LoginPage - Mở trang /login
2026-03-23 13:47:45 [main] INFO  com.insove.pages.LoginPage - Click nút Đăng nhập
2026-03-23 13:47:45 [main] INFO  com.insove.tests.ProfileTest -   Step: Truy cập trang profile
2026-03-23 13:47:46 [main] INFO  com.insove.pages.ProfilePage - Điều hướng đến: https://demo6.cybersoft.edu.vn/user-info
2026-03-23 13:47:46 [main] INFO  com.insove.pages.ProfilePage - Mo trang Ho so nguoi dung
2026-03-23 13:47:47 [main] INFO  com.insove.tests.ProfileTest -   Step: Kiểm tra session vẫn active khi điều hướng giữa các trang
2026-03-23 13:47:48 [main] INFO  com.insove.listeners.TestListener - ✅ PASS: pro054_verifySessionManagement
]]></system-out>
    <system-err><![CDATA[Mar 23, 2026 1:47:43 PM org.openqa.selenium.devtools.CdpVersionFinder findNearestMatch
WARNING: Unable to find CDP implementation matching 146
Mar 23, 2026 1:47:43 PM org.openqa.selenium.chromium.ChromiumDriver lambda$new$5
WARNING: Unable to find version of CDP to use for 146.0.7680.153. You may need to include a dependency on a specific version of the CDP using something similar to `org.seleniumhq.selenium:selenium-devtools-v86:4.18.1` where the version ("v86") matches the version of the chromium-based browser you're using and the version number of the artifact is the same as Selenium's.
]]></system-err>
  </testcase>
  <testcase name="pro055_verifyNoSensitiveDataInUrl" classname="com.insove.tests.ProfileTest" time="4.84">
    <system-out><![CDATA[2026-03-23 13:47:48 [main] INFO  com.insove.tests.ProfileTest - PASS: pro054_verifySessionManagement
2026-03-23 13:47:48 [main] INFO  com.insove.utils.DriverManager - Driver đã được đóng
2026-03-23 13:47:48 [main] INFO  com.insove.utils.DriverManager - Khởi tạo driver: chrome | headless: false
2026-03-23 13:47:48 [main] INFO  i.g.bonigarcia.wdm.WebDriverManager - Using chromedriver 146.0.7680.153 (resolved driver for Chrome 146)
2026-03-23 13:47:48 [main] INFO  i.g.bonigarcia.wdm.WebDriverManager - Exporting webdriver.chrome.driver as C:\Users\Admin\.cache\selenium\chromedriver\win64\146.0.7680.153\chromedriver.exe
2026-03-23 13:47:49 [main] INFO  com.insove.utils.DriverManager - Driver khởi tạo thành công
2026-03-23 13:47:49 [main] INFO  com.insove.tests.ProfileTest - --- Bắt đầu test: pro055_verifyNoSensitiveDataInUrl ---
2026-03-23 13:47:49 [main] INFO  com.insove.listeners.TestListener - ▶ BẮT ĐẦU TEST: pro055_verifyNoSensitiveDataInUrl
2026-03-23 13:47:49 [main] INFO  com.insove.tests.ProfileTest -   Step: Đăng nhập và mở trang Hồ sơ
2026-03-23 13:47:50 [main] INFO  com.insove.pages.LoginPage - Điều hướng đến: https://demo6.cybersoft.edu.vn/login
2026-03-23 13:47:50 [main] INFO  com.insove.pages.LoginPage - Mở trang /login
2026-03-23 13:47:51 [main] INFO  com.insove.pages.LoginPage - Click nút Đăng nhập
2026-03-23 13:47:52 [main] INFO  com.insove.pages.ProfilePage - Điều hướng đến: https://demo6.cybersoft.edu.vn/user-info
2026-03-23 13:47:52 [main] INFO  com.insove.pages.ProfilePage - Mo trang Ho so nguoi dung
2026-03-23 13:47:54 [main] INFO  com.insove.tests.ProfileTest -   Step: Kiểm tra URL không chứa mật khẩu hoặc token dạng rõ
2026-03-23 13:47:54 [main] INFO  com.insove.listeners.TestListener - ✅ PASS: pro055_verifyNoSensitiveDataInUrl
]]></system-out>
    <system-err><![CDATA[Mar 23, 2026 1:47:49 PM org.openqa.selenium.devtools.CdpVersionFinder findNearestMatch
WARNING: Unable to find CDP implementation matching 146
Mar 23, 2026 1:47:49 PM org.openqa.selenium.chromium.ChromiumDriver lambda$new$5
WARNING: Unable to find version of CDP to use for 146.0.7680.153. You may need to include a dependency on a specific version of the CDP using something similar to `org.seleniumhq.selenium:selenium-devtools-v86:4.18.1` where the version ("v86") matches the version of the chromium-based browser you're using and the version number of the artifact is the same as Selenium's.
]]></system-err>
  </testcase>
</testsuite>