<?xml version="1.0" encoding="UTF-8"?>
<!-- Generated by org.testng.reporters.JUnitXMLReporter -->
<testsuite ignored="3" hostname="BIVAVIT" failures="0" tests="16" name="Authentication Tests" time="222.667" errors="0" timestamp="2026-03-23T13:34:03 ICT">
  <testcase classname="com.insove.tests.AuthenticationTest" name="auth001_verifyLoginPageDisplay" time="1.474"/>
  <testcase classname="com.insove.tests.AuthenticationTest" name="auth004_verifyPlaceholderText" time="1.027"/>
  <testcase classname="com.insove.tests.AuthenticationTest" name="auth006_navigateToRegister" time="3.105"/>
  <testcase classname="com.insove.tests.AuthenticationTest" name="auth007_navigateToForgotPassword" time="3.147"/>
  <testcase classname="com.insove.tests.AuthenticationTest" name="auth013_passwordFieldIsHidden" time="0.991"/>
  <testcase classname="com.insove.tests.AuthenticationTest" name="auth017_loginFailWrongUsername" time="35.047"/>
  <testcase classname="com.insove.tests.AuthenticationTest" name="auth018_loginFailWrongPassword" time="35.169"/>
  <testcase classname="com.insove.tests.AuthenticationTest" name="auth019_loginFailEmptyFields" time="34.795"/>
  <testcase classname="com.insove.tests.AuthenticationTest" name="auth033_verifyForgotPasswordPage" time="1.302"/>
  <testcase classname="com.insove.tests.AuthenticationTest" name="auth041_forgotPasswordEmailNotExist" time="18.254"/>
  <testcase classname="com.insove.tests.AuthenticationTest" name="auth042_forgotPasswordEmptyEmail" time="3.035"/>
  <testcase classname="com.insove.tests.AuthenticationTest" name="auth043_forgotPasswordInvalidEmailFormat" time="18.348"/>
  <testcase classname="com.insove.tests.AuthenticationTest" name="auth056_verifyRegisterPageDisplay" time="1.067"/>
  <testcase classname="com.insove.tests.AuthenticationTest" name="auth065_registerEmptyRequiredFields" time="18.654"/>
  <testcase classname="com.insove.tests.AuthenticationTest" name="auth068_passwordMismatch" time="18.668"/>
  <testcase classname="com.insove.tests.AuthenticationTest" name="auth076_loginLinkOnRegisterPage" time="3.496"/>
  <testcase classname="com.insove.tests.AuthenticationTest" name="auth011_loginSuccess" time="0.0">
    <ignored/>
  </testcase> <!-- auth011_loginSuccess -->
  <testcase classname="com.insove.tests.AuthenticationTest" name="auth050_logoutSuccess" time="0.0">
    <ignored/>
  </testcase> <!-- auth050_logoutSuccess -->
  <testcase classname="com.insove.tests.AuthenticationTest" name="auth052_cannotAccessAfterLogout" time="0.0">
    <ignored/>
  </testcase> <!-- auth052_cannotAccessAfterLogout -->
</testsuite> <!-- Authentication Tests -->
