<?xml version="1.0" encoding="UTF-8"?>
<!-- Generated by org.testng.reporters.JUnitXMLReporter -->
<testsuite ignored="0" hostname="BIVAVIT" failures="4" tests="17" name="Booking Tests" time="409.042" errors="0" timestamp="2026-03-23T13:44:57 ICT">
  <testcase classname="com.insove.tests.BookingTest" name="book001_verifyAllSectionsDisplayed" time="5.695"/>
  <testcase classname="com.insove.tests.BookingTest" name="book003_verifyLabelsAndPlaceholders" time="5.359"/>
  <testcase classname="com.insove.tests.BookingTest" name="book006_verifyPageLoadTime" time="4.423"/>
  <testcase classname="com.insove.tests.BookingTest" name="book008_verifyBranchDropdown" time="36.048">
    <failure type="java.lang.AssertionError" message="Dropdown chi nhánh không có lựa chọn nào expected [true] but found [false]">
      <![CDATA[java.lang.AssertionError: Dropdown chi nhánh không có lựa chọn nào expected [true] but found [false]
at com.insove.tests.BookingTest.book008_verifyBranchDropdown(BookingTest.java:106)
at java.base/java.util.ArrayList.forEach(ArrayList.java:1596)
... Removed 32 stack frames]]>
    </failure>
  </testcase> <!-- book008_verifyBranchDropdown -->
  <testcase classname="com.insove.tests.BookingTest" name="book009_verifyBranchList" time="36.03">
    <failure type="java.lang.AssertionError" message="Phải có ít nhất 1 chi nhánh trong dropdown expected [true] but found [false]">
      <![CDATA[java.lang.AssertionError: Phải có ít nhất 1 chi nhánh trong dropdown expected [true] but found [false]
at com.insove.tests.BookingTest.book009_verifyBranchList(BookingTest.java:121)
at java.base/java.util.ArrayList.forEach(ArrayList.java:1596)
... Removed 32 stack frames]]>
    </failure>
  </testcase> <!-- book009_verifyBranchList -->
  <testcase classname="com.insove.tests.BookingTest" name="book010_errorWhenNoBranchSelected" time="20.837"/>
  <testcase classname="com.insove.tests.BookingTest" name="book011_doctorListUpdatesByBranch" time="55.126">
    <failure type="org.openqa.selenium.TimeoutException" message="timeout: Timed out receiving message from renderer: -0.015
  (Session info: chrome=146.0.7680.153)
Build info: version: &amp;apos;4.18.1&amp;apos;, revision: &amp;apos;b1d3319b48&amp;apos;
System info: os.name: &amp;apos;Windows 11&amp;apos;, os.arch: &amp;apos;amd64&amp;apos;, os.version: &amp;apos;10.0&amp;apos;, java.version: &amp;apos;21.0.9&amp;apos;
Driver info: org.openqa.selenium.chrome.ChromeDriver
Command: [a4fee9f94b265486a3726e09dc2cb795, get {url=https://demo6.cybersoft.edu.vn/booking}]
Capabilities {acceptInsecureCerts: false, browserName: chrome, browserVersion: 146.0.7680.153, chrome: {chromedriverVersion: 146.0.7680.153 (85fd829a1b2..., userDataDir: C:\Users\Admin\AppData\Loca...}, fedcm:accounts: true, goog:chromeOptions: {debuggerAddress: localhost:51007}, goog:processID: 21076, networkConnectionEnabled: false, pageLoadStrategy: normal, platformName: windows, proxy: Proxy(), se:cdp: ws://localhost:51007/devtoo..., se:cdpVersion: 146.0.7680.153, setWindowRect: true, strictFileInteractability: false, timeouts: {implicit: 0, pageLoad: 300000, script: 30000}, unhandledPromptBehavior: dismiss and notify, webauthn:extension:credBlob: true, webauthn:extension:largeBlob: true, webauthn:extension:minPinLength: true, webauthn:extension:prf: true, webauthn:virtualAuthenticators: true}
Session ID: a4fee9f94b265486a3726e09dc2cb795">
      <![CDATA[org.openqa.selenium.TimeoutException: timeout: Timed out receiving message from renderer: -0.015
  (Session info: chrome=146.0.7680.153)
Build info: version: '4.18.1', revision: 'b1d3319b48'
System info: os.name: 'Windows 11', os.arch: 'amd64', os.version: '10.0', java.version: '21.0.9'
Driver info: org.openqa.selenium.chrome.ChromeDriver
Command: [a4fee9f94b265486a3726e09dc2cb795, get {url=https://demo6.cybersoft.edu.vn/booking}]
Capabilities {acceptInsecureCerts: false, browserName: chrome, browserVersion: 146.0.7680.153, chrome: {chromedriverVersion: 146.0.7680.153 (85fd829a1b2..., userDataDir: C:\Users\Admin\AppData\Loca...}, fedcm:accounts: true, goog:chromeOptions: {debuggerAddress: localhost:51007}, goog:processID: 21076, networkConnectionEnabled: false, pageLoadStrategy: normal, platformName: windows, proxy: Proxy(), se:cdp: ws://localhost:51007/devtoo..., se:cdpVersion: 146.0.7680.153, setWindowRect: true, strictFileInteractability: false, timeouts: {implicit: 0, pageLoad: 300000, script: 30000}, unhandledPromptBehavior: dismiss and notify, webauthn:extension:credBlob: true, webauthn:extension:largeBlob: true, webauthn:extension:minPinLength: true, webauthn:extension:prf: true, webauthn:virtualAuthenticators: true}
Session ID: a4fee9f94b265486a3726e09dc2cb795
at org.openqa.selenium.remote.ErrorCodec.decode(ErrorCodec.java:167)
at org.openqa.selenium.remote.codec.w3c.W3CHttpResponseCodec.decode(W3CHttpResponseCodec.java:138)
at org.openqa.selenium.remote.codec.w3c.W3CHttpResponseCodec.decode(W3CHttpResponseCodec.java:50)
at org.openqa.selenium.remote.HttpCommandExecutor.execute(HttpCommandExecutor.java:190)
at org.openqa.selenium.remote.service.DriverCommandExecutor.invokeExecute(DriverCommandExecutor.java:216)
at org.openqa.selenium.remote.service.DriverCommandExecutor.execute(DriverCommandExecutor.java:174)
at org.openqa.selenium.remote.RemoteWebDriver.execute(RemoteWebDriver.java:519)
at org.openqa.selenium.remote.RemoteWebDriver.get(RemoteWebDriver.java:301)
at com.insove.pages.BasePage.navigateTo(BasePage.java:30)
at com.insove.pages.BookingPage.open(BookingPage.java:59)
at com.insove.tests.BookingTest.loginAndOpenBooking(BookingTest.java:29)
at com.insove.tests.BookingTest.book011_doctorListUpdatesByBranch(BookingTest.java:151)
at java.base/java.util.ArrayList.forEach(ArrayList.java:1596)
... Removed 32 stack frames]]>
    </failure>
  </testcase> <!-- book011_doctorListUpdatesByBranch -->
  <testcase classname="com.insove.tests.BookingTest" name="book018_verifyCalendarShowsCurrentMonth" time="1.384">
    <failure type="org.openqa.selenium.WebDriverException" message="unknown error: net::ERR_INTERNET_DISCONNECTED
  (Session info: chrome=146.0.7680.153)
Build info: version: &amp;apos;4.18.1&amp;apos;, revision: &amp;apos;b1d3319b48&amp;apos;
System info: os.name: &amp;apos;Windows 11&amp;apos;, os.arch: &amp;apos;amd64&amp;apos;, os.version: &amp;apos;10.0&amp;apos;, java.version: &amp;apos;21.0.9&amp;apos;
Driver info: org.openqa.selenium.chrome.ChromeDriver
Command: [e520a58da0d0f8eb83bf90b6416dc781, get {url=https://demo6.cybersoft.edu.vn/login}]
Capabilities {acceptInsecureCerts: false, browserName: chrome, browserVersion: 146.0.7680.153, chrome: {chromedriverVersion: 146.0.7680.153 (85fd829a1b2..., userDataDir: C:\Users\Admin\AppData\Loca...}, fedcm:accounts: true, goog:chromeOptions: {debuggerAddress: localhost:64530}, goog:processID: 4504, networkConnectionEnabled: false, pageLoadStrategy: normal, platformName: windows, proxy: Proxy(), se:cdp: ws://localhost:64530/devtoo..., se:cdpVersion: 146.0.7680.153, setWindowRect: true, strictFileInteractability: false, timeouts: {implicit: 0, pageLoad: 300000, script: 30000}, unhandledPromptBehavior: dismiss and notify, webauthn:extension:credBlob: true, webauthn:extension:largeBlob: true, webauthn:extension:minPinLength: true, webauthn:extension:prf: true, webauthn:virtualAuthenticators: true}
Session ID: e520a58da0d0f8eb83bf90b6416dc781">
      <![CDATA[org.openqa.selenium.WebDriverException: unknown error: net::ERR_INTERNET_DISCONNECTED
  (Session info: chrome=146.0.7680.153)
Build info: version: '4.18.1', revision: 'b1d3319b48'
System info: os.name: 'Windows 11', os.arch: 'amd64', os.version: '10.0', java.version: '21.0.9'
Driver info: org.openqa.selenium.chrome.ChromeDriver
Command: [e520a58da0d0f8eb83bf90b6416dc781, get {url=https://demo6.cybersoft.edu.vn/login}]
Capabilities {acceptInsecureCerts: false, browserName: chrome, browserVersion: 146.0.7680.153, chrome: {chromedriverVersion: 146.0.7680.153 (85fd829a1b2..., userDataDir: C:\Users\Admin\AppData\Loca...}, fedcm:accounts: true, goog:chromeOptions: {debuggerAddress: localhost:64530}, goog:processID: 4504, networkConnectionEnabled: false, pageLoadStrategy: normal, platformName: windows, proxy: Proxy(), se:cdp: ws://localhost:64530/devtoo..., se:cdpVersion: 146.0.7680.153, setWindowRect: true, strictFileInteractability: false, timeouts: {implicit: 0, pageLoad: 300000, script: 30000}, unhandledPromptBehavior: dismiss and notify, webauthn:extension:credBlob: true, webauthn:extension:largeBlob: true, webauthn:extension:minPinLength: true, webauthn:extension:prf: true, webauthn:virtualAuthenticators: true}
Session ID: e520a58da0d0f8eb83bf90b6416dc781
at org.openqa.selenium.remote.ErrorCodec.decode(ErrorCodec.java:167)
at org.openqa.selenium.remote.codec.w3c.W3CHttpResponseCodec.decode(W3CHttpResponseCodec.java:138)
at org.openqa.selenium.remote.codec.w3c.W3CHttpResponseCodec.decode(W3CHttpResponseCodec.java:50)
at org.openqa.selenium.remote.HttpCommandExecutor.execute(HttpCommandExecutor.java:190)
at org.openqa.selenium.remote.service.DriverCommandExecutor.invokeExecute(DriverCommandExecutor.java:216)
at org.openqa.selenium.remote.service.DriverCommandExecutor.execute(DriverCommandExecutor.java:174)
at org.openqa.selenium.remote.RemoteWebDriver.execute(RemoteWebDriver.java:519)
at org.openqa.selenium.remote.RemoteWebDriver.get(RemoteWebDriver.java:301)
at com.insove.pages.BasePage.navigateTo(BasePage.java:30)
at com.insove.pages.LoginPage.open(LoginPage.java:32)
at com.insove.tests.BookingTest.loginAndOpenBooking(BookingTest.java:22)
at com.insove.tests.BookingTest.book018_verifyCalendarShowsCurrentMonth(BookingTest.java:169)
at java.base/java.util.ArrayList.forEach(ArrayList.java:1596)
... Removed 32 stack frames]]>
    </failure>
  </testcase> <!-- book018_verifyCalendarShowsCurrentMonth -->
  <testcase classname="com.insove.tests.BookingTest" name="book019_verifyCalendarNavigation" time="8.817"/>
  <testcase classname="com.insove.tests.BookingTest" name="book021_verifyDaySelection" time="5.618"/>
  <testcase classname="com.insove.tests.BookingTest" name="book026_verifyTimeSlotSelection" time="66.125"/>
  <testcase classname="com.insove.tests.BookingTest" name="book030_verifyServicePackagesDisplay" time="5.524"/>
  <testcase classname="com.insove.tests.BookingTest" name="book032_verifyOnlyOneServiceSelectable" time="5.4"/>
  <testcase classname="com.insove.tests.BookingTest" name="book038_verifyNoteFieldMultiline" time="5.733"/>
  <testcase classname="com.insove.tests.BookingTest" name="book039_verifyNotePlaceholder" time="5.365"/>
  <testcase classname="com.insove.tests.BookingTest" name="book043_verifySubmitButtonBehavior" time="20.976"/>
  <testcase classname="com.insove.tests.BookingTest" name="book045_verifySuccessAfterBooking" time="97.225"/>
</testsuite> <!-- Booking Tests -->
