<?xml version="1.0" encoding="UTF-8"?>
<!-- Generated by org.testng.reporters.JUnitXMLReporter -->
<testsuite ignored="0" hostname="BIVAVIT" failures="1" tests="14" name="HomePage Tests" time="244.143" errors="0" timestamp="2026-03-23T13:38:08 ICT">
  <testcase classname="com.insove.tests.HomePageTest" name="home001_verifyHomepageOverview" time="3.163"/>
  <testcase classname="com.insove.tests.HomePageTest" name="home004_verifyLogoDisplay" time="2.979"/>
  <testcase classname="com.insove.tests.HomePageTest" name="home005_verifyMainMenuItems" time="2.766"/>
  <testcase classname="com.insove.tests.HomePageTest" name="home008_verifyStickyHeader" time="3.428"/>
  <testcase classname="com.insove.tests.HomePageTest" name="home012_verifyHeroTitle" time="77.983"/>
  <testcase classname="com.insove.tests.HomePageTest" name="home014_verifyContactButton" time="33.068"/>
  <testcase classname="com.insove.tests.HomePageTest" name="home022_verifyFaqTitle" time="3.177"/>
  <testcase classname="com.insove.tests.HomePageTest" name="home023_verifyFaqInteractable" time="3.061"/>
  <testcase classname="com.insove.tests.HomePageTest" name="home029_verifyRecentArticlesTitle" time="2.789"/>
  <testcase classname="com.insove.tests.HomePageTest" name="home030_verifyMinThreeArticles" time="18.848">
    <failure type="java.lang.AssertionError" message="Can it nhat 1 bai viet. Hien co: 0 expected [true] but found [false]">
      <![CDATA[java.lang.AssertionError: Can it nhat 1 bai viet. Hien co: 0 expected [true] but found [false]
at com.insove.tests.HomePageTest.home030_verifyMinThreeArticles(HomePageTest.java:93)
at java.base/java.util.ArrayList.forEach(ArrayList.java:1596)
... Removed 32 stack frames]]>
    </failure>
  </testcase> <!-- home030_verifyMinThreeArticles -->
  <testcase classname="com.insove.tests.HomePageTest" name="home037_verifyCopyright" time="2.807"/>
  <testcase classname="com.insove.tests.HomePageTest" name="home053_verifySubscribeForm" time="3.556"/>
  <testcase classname="com.insove.tests.HomePageTest" name="home055_subscribeInvalidEmail" time="33.332"/>
  <testcase classname="com.insove.tests.HomePageTest" name="home056_subscribeEmptyEmail" time="33.611"/>
</testsuite> <!-- HomePage Tests -->
