<?xml version="1.0" encoding="UTF-8"?>
<!-- Generated by org.testng.reporters.JUnitXMLReporter -->
<testsuite ignored="0" hostname="BIVAVIT" failures="2" tests="19" name="Profile Tests" time="177.04" errors="0" timestamp="2026-03-23T13:47:54 ICT">
  <testcase classname="com.insove.tests.ProfileTest" name="pro001_verifyProfilePageLoads" time="5.079"/>
  <testcase classname="com.insove.tests.ProfileTest" name="pro002_verifyProfileLoadTime" time="3.957"/>
  <testcase classname="com.insove.tests.ProfileTest" name="pro003_verifyProfileUrl" time="4.934"/>
  <testcase classname="com.insove.tests.ProfileTest" name="pro004_verifyAvatarDisplay" time="4.862"/>
  <testcase classname="com.insove.tests.ProfileTest" name="pro005_verifyUserNameAndEmailDisplay" time="19.938">
    <failure type="java.lang.AssertionError" message="Tên người dùng không hiển thị trên trang Hồ sơ expected [true] but found [false]">
      <![CDATA[java.lang.AssertionError: Tên người dùng không hiển thị trên trang Hồ sơ expected [true] but found [false]
at com.insove.tests.ProfileTest.pro005_verifyUserNameAndEmailDisplay(ProfileTest.java:101)
at java.base/java.util.ArrayList.forEach(ArrayList.java:1596)
... Removed 32 stack frames]]>
    </failure>
  </testcase> <!-- pro005_verifyUserNameAndEmailDisplay -->
  <testcase classname="com.insove.tests.ProfileTest" name="pro006_verifyPersonalInfoLabels" time="20.137">
    <failure type="java.lang.AssertionError" message="Nhãn &amp;apos;Ngày tham gia&amp;apos; không hiển thị expected [true] but found [false]">
      <![CDATA[java.lang.AssertionError: Nhãn 'Ngày tham gia' không hiển thị expected [true] but found [false]
at com.insove.tests.ProfileTest.pro006_verifyPersonalInfoLabels(ProfileTest.java:129)
at java.base/java.util.ArrayList.forEach(ArrayList.java:1596)
... Removed 32 stack frames]]>
    </failure>
  </testcase> <!-- pro006_verifyPersonalInfoLabels -->
  <testcase classname="com.insove.tests.ProfileTest" name="pro010_verifyChangePasswordButtonDisplayed" time="4.86"/>
  <testcase classname="com.insove.tests.ProfileTest" name="pro011_verifyChangePasswordFormOpens" time="4.896"/>
  <testcase classname="com.insove.tests.ProfileTest" name="pro015_errorOnWrongCurrentPassword" time="5.989"/>
  <testcase classname="com.insove.tests.ProfileTest" name="pro016_passwordMismatchError" time="5.876"/>
  <testcase classname="com.insove.tests.ProfileTest" name="pro024_verifyAllTabsDisplayed" time="4.708"/>
  <testcase classname="com.insove.tests.ProfileTest" name="pro025_verifyAppointmentsTabActiveByDefault" time="4.862"/>
  <testcase classname="com.insove.tests.ProfileTest" name="pro026_verifyTabContentSwitch" time="4.893"/>
  <testcase classname="com.insove.tests.ProfileTest" name="pro029_verifyEmptyAppointmentMessage" time="34.854"/>
  <testcase classname="com.insove.tests.ProfileTest" name="pro038_verifyEmptyWaitlistTab" time="5.201"/>
  <testcase classname="com.insove.tests.ProfileTest" name="pro039_verifyEmptyPrescriptionTab" time="4.898"/>
  <testcase classname="com.insove.tests.ProfileTest" name="pro040_verifyEmptyInvoiceTab" time="4.835"/>
  <testcase classname="com.insove.tests.ProfileTest" name="pro054_verifySessionManagement" time="4.105"/>
  <testcase classname="com.insove.tests.ProfileTest" name="pro055_verifyNoSensitiveDataInUrl" time="4.84"/>
</testsuite> <!-- Profile Tests -->
